[2024-08-23 10:38:23,722] {taskinstance.py:1159} INFO - Dependencies all met for <TaskInstance: climate_data.create_folder scheduled__2024-08-12T00:00:00+00:00 [queued]>
[2024-08-23 10:38:23,726] {taskinstance.py:1159} INFO - Dependencies all met for <TaskInstance: climate_data.create_folder scheduled__2024-08-12T00:00:00+00:00 [queued]>
[2024-08-23 10:38:23,726] {taskinstance.py:1356} INFO - 
--------------------------------------------------------------------------------
[2024-08-23 10:38:23,727] {taskinstance.py:1357} INFO - Starting attempt 1 of 1
[2024-08-23 10:38:23,727] {taskinstance.py:1358} INFO - 
--------------------------------------------------------------------------------
[2024-08-23 10:38:23,734] {taskinstance.py:1377} INFO - Executing <Task(BashOperator): create_folder> on 2024-08-12 00:00:00+00:00
[2024-08-23 10:38:23,736] {standard_task_runner.py:52} INFO - Started process 37398 to run task
[2024-08-23 10:38:23,738] {standard_task_runner.py:79} INFO - Running: ['airflow', 'tasks', 'run', 'climate_data', 'create_folder', 'scheduled__2024-08-12T00:00:00+00:00', '--job-id', '9', '--raw', '--subdir', 'DAGS_FOLDER/climate_data.py', '--cfg-path', '/tmp/tmpojm813w6', '--error-file', '/tmp/tmp937r5m0z']
[2024-08-23 10:38:23,738] {standard_task_runner.py:80} INFO - Job 9: Subtask create_folder
[2024-08-23 10:38:23,759] {task_command.py:370} INFO - Running <TaskInstance: climate_data.create_folder scheduled__2024-08-12T00:00:00+00:00 [running]> on host DESKTOP-TAQHM1V.
[2024-08-23 10:38:23,787] {taskinstance.py:1569} INFO - Exporting the following env vars:
AIRFLOW_CTX_DAG_OWNER=airflow
AIRFLOW_CTX_DAG_ID=climate_data
AIRFLOW_CTX_TASK_ID=create_folder
AIRFLOW_CTX_EXECUTION_DATE=2024-08-12T00:00:00+00:00
AIRFLOW_CTX_TRY_NUMBER=1
AIRFLOW_CTX_DAG_RUN_ID=scheduled__2024-08-12T00:00:00+00:00
[2024-08-23 10:38:23,788] {subprocess.py:62} INFO - Tmp dir root location: 
 /tmp
[2024-08-23 10:38:23,788] {subprocess.py:74} INFO - Running command: ['bash', '-c', 'mkdir -p "/root/Documentos/pipeline-airflow/python_scripts_and_generated_documents/week=2024-08-19"']
[2024-08-23 10:38:23,793] {subprocess.py:85} INFO - Output:
[2024-08-23 10:38:23,794] {subprocess.py:96} INFO - Command exited with return code 0
[2024-08-23 10:38:23,807] {taskinstance.py:1395} INFO - Marking task as SUCCESS. dag_id=climate_data, task_id=create_folder, execution_date=20240812T000000, start_date=20240823T133823, end_date=20240823T133823
[2024-08-23 10:38:23,831] {local_task_job.py:156} INFO - Task exited with return code 0
[2024-08-23 10:38:23,846] {local_task_job.py:273} INFO - 1 downstream tasks scheduled from follow-on schedule check
[2024-08-23 10:40:47,015] {taskinstance.py:1159} INFO - Dependencies all met for <TaskInstance: climate_data.create_folder scheduled__2024-08-12T00:00:00+00:00 [queued]>
[2024-08-23 10:40:47,019] {taskinstance.py:1159} INFO - Dependencies all met for <TaskInstance: climate_data.create_folder scheduled__2024-08-12T00:00:00+00:00 [queued]>
[2024-08-23 10:40:47,019] {taskinstance.py:1356} INFO - 
--------------------------------------------------------------------------------
[2024-08-23 10:40:47,019] {taskinstance.py:1357} INFO - Starting attempt 1 of 1
[2024-08-23 10:40:47,019] {taskinstance.py:1358} INFO - 
--------------------------------------------------------------------------------
[2024-08-23 10:40:47,036] {taskinstance.py:1377} INFO - Executing <Task(BashOperator): create_folder> on 2024-08-12 00:00:00+00:00
[2024-08-23 10:40:47,039] {standard_task_runner.py:52} INFO - Started process 38416 to run task
[2024-08-23 10:40:47,040] {standard_task_runner.py:79} INFO - Running: ['airflow', 'tasks', 'run', 'climate_data', 'create_folder', 'scheduled__2024-08-12T00:00:00+00:00', '--job-id', '9', '--raw', '--subdir', 'DAGS_FOLDER/climate_data.py', '--cfg-path', '/tmp/tmp7rlmcd6e', '--error-file', '/tmp/tmp1e3yo8oa']
[2024-08-23 10:40:47,041] {standard_task_runner.py:80} INFO - Job 9: Subtask create_folder
[2024-08-23 10:40:47,065] {task_command.py:370} INFO - Running <TaskInstance: climate_data.create_folder scheduled__2024-08-12T00:00:00+00:00 [running]> on host DESKTOP-TAQHM1V.
[2024-08-23 10:40:47,097] {taskinstance.py:1569} INFO - Exporting the following env vars:
AIRFLOW_CTX_DAG_OWNER=airflow
AIRFLOW_CTX_DAG_ID=climate_data
AIRFLOW_CTX_TASK_ID=create_folder
AIRFLOW_CTX_EXECUTION_DATE=2024-08-12T00:00:00+00:00
AIRFLOW_CTX_TRY_NUMBER=1
AIRFLOW_CTX_DAG_RUN_ID=scheduled__2024-08-12T00:00:00+00:00
[2024-08-23 10:40:47,097] {subprocess.py:62} INFO - Tmp dir root location: 
 /tmp
[2024-08-23 10:40:47,098] {subprocess.py:74} INFO - Running command: ['bash', '-c', 'mkdir -p "/root/Documentos/pipeline-airflow/generated_documents/week=2024-08-19"']
[2024-08-23 10:40:47,103] {subprocess.py:85} INFO - Output:
[2024-08-23 10:40:47,105] {subprocess.py:96} INFO - Command exited with return code 0
[2024-08-23 10:40:47,124] {taskinstance.py:1395} INFO - Marking task as SUCCESS. dag_id=climate_data, task_id=create_folder, execution_date=20240812T000000, start_date=20240823T134047, end_date=20240823T134047
[2024-08-23 10:40:47,173] {local_task_job.py:156} INFO - Task exited with return code 0
[2024-08-23 10:40:47,188] {local_task_job.py:273} INFO - 1 downstream tasks scheduled from follow-on schedule check
[2024-08-23 10:44:33,840] {taskinstance.py:1159} INFO - Dependencies all met for <TaskInstance: climate_data.create_folder scheduled__2024-08-12T00:00:00+00:00 [queued]>
[2024-08-23 10:44:33,844] {taskinstance.py:1159} INFO - Dependencies all met for <TaskInstance: climate_data.create_folder scheduled__2024-08-12T00:00:00+00:00 [queued]>
[2024-08-23 10:44:33,844] {taskinstance.py:1356} INFO - 
--------------------------------------------------------------------------------
[2024-08-23 10:44:33,844] {taskinstance.py:1357} INFO - Starting attempt 1 of 1
[2024-08-23 10:44:33,844] {taskinstance.py:1358} INFO - 
--------------------------------------------------------------------------------
[2024-08-23 10:44:33,852] {taskinstance.py:1377} INFO - Executing <Task(BashOperator): create_folder> on 2024-08-12 00:00:00+00:00
[2024-08-23 10:44:33,854] {standard_task_runner.py:52} INFO - Started process 39973 to run task
[2024-08-23 10:44:33,856] {standard_task_runner.py:79} INFO - Running: ['airflow', 'tasks', 'run', 'climate_data', 'create_folder', 'scheduled__2024-08-12T00:00:00+00:00', '--job-id', '9', '--raw', '--subdir', 'DAGS_FOLDER/climate_data.py', '--cfg-path', '/tmp/tmpqozb5c5d', '--error-file', '/tmp/tmps9p2o8d6']
[2024-08-23 10:44:33,856] {standard_task_runner.py:80} INFO - Job 9: Subtask create_folder
[2024-08-23 10:44:33,876] {task_command.py:370} INFO - Running <TaskInstance: climate_data.create_folder scheduled__2024-08-12T00:00:00+00:00 [running]> on host DESKTOP-TAQHM1V.
[2024-08-23 10:44:33,905] {taskinstance.py:1569} INFO - Exporting the following env vars:
AIRFLOW_CTX_DAG_OWNER=airflow
AIRFLOW_CTX_DAG_ID=climate_data
AIRFLOW_CTX_TASK_ID=create_folder
AIRFLOW_CTX_EXECUTION_DATE=2024-08-12T00:00:00+00:00
AIRFLOW_CTX_TRY_NUMBER=1
AIRFLOW_CTX_DAG_RUN_ID=scheduled__2024-08-12T00:00:00+00:00
[2024-08-23 10:44:33,905] {subprocess.py:62} INFO - Tmp dir root location: 
 /tmp
[2024-08-23 10:44:33,906] {subprocess.py:74} INFO - Running command: ['bash', '-c', 'mkdir -p "/root/Documentos/pipeline-airflow/generated_documents/week=2024-08-19"']
[2024-08-23 10:44:33,910] {subprocess.py:85} INFO - Output:
[2024-08-23 10:44:33,911] {subprocess.py:96} INFO - Command exited with return code 0
[2024-08-23 10:44:33,924] {taskinstance.py:1395} INFO - Marking task as SUCCESS. dag_id=climate_data, task_id=create_folder, execution_date=20240812T000000, start_date=20240823T134433, end_date=20240823T134433
[2024-08-23 10:44:33,948] {local_task_job.py:156} INFO - Task exited with return code 0
[2024-08-23 10:44:33,963] {local_task_job.py:273} INFO - 1 downstream tasks scheduled from follow-on schedule check
[2024-08-23 10:48:58,902] {taskinstance.py:1159} INFO - Dependencies all met for <TaskInstance: climate_data.create_folder scheduled__2024-08-12T00:00:00+00:00 [queued]>
[2024-08-23 10:48:58,905] {taskinstance.py:1159} INFO - Dependencies all met for <TaskInstance: climate_data.create_folder scheduled__2024-08-12T00:00:00+00:00 [queued]>
[2024-08-23 10:48:58,905] {taskinstance.py:1356} INFO - 
--------------------------------------------------------------------------------
[2024-08-23 10:48:58,905] {taskinstance.py:1357} INFO - Starting attempt 1 of 1
[2024-08-23 10:48:58,905] {taskinstance.py:1358} INFO - 
--------------------------------------------------------------------------------
[2024-08-23 10:48:58,914] {taskinstance.py:1377} INFO - Executing <Task(BashOperator): create_folder> on 2024-08-12 00:00:00+00:00
[2024-08-23 10:48:58,916] {standard_task_runner.py:52} INFO - Started process 42015 to run task
[2024-08-23 10:48:58,918] {standard_task_runner.py:79} INFO - Running: ['airflow', 'tasks', 'run', 'climate_data', 'create_folder', 'scheduled__2024-08-12T00:00:00+00:00', '--job-id', '9', '--raw', '--subdir', 'DAGS_FOLDER/climate_data.py', '--cfg-path', '/tmp/tmpon24c071', '--error-file', '/tmp/tmplr6aa5gx']
[2024-08-23 10:48:58,918] {standard_task_runner.py:80} INFO - Job 9: Subtask create_folder
[2024-08-23 10:48:58,939] {task_command.py:370} INFO - Running <TaskInstance: climate_data.create_folder scheduled__2024-08-12T00:00:00+00:00 [running]> on host DESKTOP-TAQHM1V.
[2024-08-23 10:48:58,968] {taskinstance.py:1569} INFO - Exporting the following env vars:
AIRFLOW_CTX_DAG_OWNER=airflow
AIRFLOW_CTX_DAG_ID=climate_data
AIRFLOW_CTX_TASK_ID=create_folder
AIRFLOW_CTX_EXECUTION_DATE=2024-08-12T00:00:00+00:00
AIRFLOW_CTX_TRY_NUMBER=1
AIRFLOW_CTX_DAG_RUN_ID=scheduled__2024-08-12T00:00:00+00:00
[2024-08-23 10:48:58,968] {subprocess.py:62} INFO - Tmp dir root location: 
 /tmp
[2024-08-23 10:48:58,969] {subprocess.py:74} INFO - Running command: ['bash', '-c', 'mkdir -p "/root/Documentos/pipeline-airflow/generated_documents/semana=2024-08-19"']
[2024-08-23 10:48:58,972] {subprocess.py:85} INFO - Output:
[2024-08-23 10:48:58,974] {subprocess.py:96} INFO - Command exited with return code 0
[2024-08-23 10:48:58,986] {taskinstance.py:1395} INFO - Marking task as SUCCESS. dag_id=climate_data, task_id=create_folder, execution_date=20240812T000000, start_date=20240823T134858, end_date=20240823T134858
[2024-08-23 10:48:59,010] {local_task_job.py:156} INFO - Task exited with return code 0
[2024-08-23 10:48:59,028] {local_task_job.py:273} INFO - 1 downstream tasks scheduled from follow-on schedule check
