[2024-08-23 09:48:31,405] {taskinstance.py:1159} INFO - Dependencies all met for <TaskInstance: example_branch_datetime_operator_2.datetime_branch scheduled__2024-08-22T00:00:00+00:00 [queued]>
[2024-08-23 09:48:31,409] {taskinstance.py:1159} INFO - Dependencies all met for <TaskInstance: example_branch_datetime_operator_2.datetime_branch scheduled__2024-08-22T00:00:00+00:00 [queued]>
[2024-08-23 09:48:31,409] {taskinstance.py:1356} INFO - 
--------------------------------------------------------------------------------
[2024-08-23 09:48:31,409] {taskinstance.py:1357} INFO - Starting attempt 1 of 1
[2024-08-23 09:48:31,409] {taskinstance.py:1358} INFO - 
--------------------------------------------------------------------------------
[2024-08-23 09:48:31,417] {taskinstance.py:1377} INFO - Executing <Task(BranchDateTimeOperator): datetime_branch> on 2024-08-22 00:00:00+00:00
[2024-08-23 09:48:31,419] {standard_task_runner.py:52} INFO - Started process 17674 to run task
[2024-08-23 09:48:31,421] {standard_task_runner.py:79} INFO - Running: ['airflow', 'tasks', 'run', 'example_branch_datetime_operator_2', 'datetime_branch', 'scheduled__2024-08-22T00:00:00+00:00', '--job-id', '3', '--raw', '--subdir', '/root/Documentos/pipeline-airflow/venv/lib/python3.10/site-packages/airflow/example_dags/example_branch_datetime_operator.py', '--cfg-path', '/tmp/tmpz6ey1djd', '--error-file', '/tmp/tmphtrn7uej']
[2024-08-23 09:48:31,421] {standard_task_runner.py:80} INFO - Job 3: Subtask datetime_branch
[2024-08-23 09:48:31,444] {task_command.py:370} INFO - Running <TaskInstance: example_branch_datetime_operator_2.datetime_branch scheduled__2024-08-22T00:00:00+00:00 [running]> on host DESKTOP-TAQHM1V.
[2024-08-23 09:48:31,471] {taskinstance.py:1569} INFO - Exporting the following env vars:
AIRFLOW_CTX_DAG_OWNER=airflow
AIRFLOW_CTX_DAG_ID=example_branch_datetime_operator_2
AIRFLOW_CTX_TASK_ID=datetime_branch
AIRFLOW_CTX_EXECUTION_DATE=2024-08-22T00:00:00+00:00
AIRFLOW_CTX_TRY_NUMBER=1
AIRFLOW_CTX_DAG_RUN_ID=scheduled__2024-08-22T00:00:00+00:00
[2024-08-23 09:48:31,471] {skipmixin.py:140} INFO - Following branch ['date_outside_range']
[2024-08-23 09:48:31,471] {skipmixin.py:175} INFO - Skipping tasks ['date_in_range']
[2024-08-23 09:48:31,492] {taskinstance.py:1395} INFO - Marking task as SUCCESS. dag_id=example_branch_datetime_operator_2, task_id=datetime_branch, execution_date=20240822T000000, start_date=20240823T124831, end_date=20240823T124831
[2024-08-23 09:48:31,513] {local_task_job.py:156} INFO - Task exited with return code 0
[2024-08-23 09:48:31,530] {local_task_job.py:273} INFO - 1 downstream tasks scheduled from follow-on schedule check
