[2024-08-23 10:48:56,341] {taskinstance.py:1159} INFO - Dependencies all met for <TaskInstance: climate_data.extrai_dados scheduled__2024-07-29T00:00:00+00:00 [queued]>
[2024-08-23 10:48:56,344] {taskinstance.py:1159} INFO - Dependencies all met for <TaskInstance: climate_data.extrai_dados scheduled__2024-07-29T00:00:00+00:00 [queued]>
[2024-08-23 10:48:56,345] {taskinstance.py:1356} INFO - 
--------------------------------------------------------------------------------
[2024-08-23 10:48:56,345] {taskinstance.py:1357} INFO - Starting attempt 1 of 1
[2024-08-23 10:48:56,345] {taskinstance.py:1358} INFO - 
--------------------------------------------------------------------------------
[2024-08-23 10:48:56,353] {taskinstance.py:1377} INFO - Executing <Task(PythonOperator): extrai_dados> on 2024-07-29 00:00:00+00:00
[2024-08-23 10:48:56,355] {standard_task_runner.py:52} INFO - Started process 41987 to run task
[2024-08-23 10:48:56,356] {standard_task_runner.py:79} INFO - Running: ['airflow', 'tasks', 'run', 'climate_data', 'extrai_dados', 'scheduled__2024-07-29T00:00:00+00:00', '--job-id', '8', '--raw', '--subdir', 'DAGS_FOLDER/climate_data.py', '--cfg-path', '/tmp/tmpc0qvskff', '--error-file', '/tmp/tmpf1kckcc6']
[2024-08-23 10:48:56,357] {standard_task_runner.py:80} INFO - Job 8: Subtask extrai_dados
[2024-08-23 10:48:56,378] {task_command.py:370} INFO - Running <TaskInstance: climate_data.extrai_dados scheduled__2024-07-29T00:00:00+00:00 [running]> on host DESKTOP-TAQHM1V.
[2024-08-23 10:48:56,406] {taskinstance.py:1569} INFO - Exporting the following env vars:
AIRFLOW_CTX_DAG_OWNER=airflow
AIRFLOW_CTX_DAG_ID=climate_data
AIRFLOW_CTX_TASK_ID=extrai_dados
AIRFLOW_CTX_EXECUTION_DATE=2024-07-29T00:00:00+00:00
AIRFLOW_CTX_TRY_NUMBER=1
AIRFLOW_CTX_DAG_RUN_ID=scheduled__2024-07-29T00:00:00+00:00
[2024-08-23 10:48:57,670] {python.py:173} INFO - Done. Returned value was: None
[2024-08-23 10:48:57,674] {taskinstance.py:1395} INFO - Marking task as SUCCESS. dag_id=climate_data, task_id=extrai_dados, execution_date=20240729T000000, start_date=20240823T134856, end_date=20240823T134857
[2024-08-23 10:48:57,692] {local_task_job.py:156} INFO - Task exited with return code 0
[2024-08-23 10:48:57,702] {local_task_job.py:273} INFO - 0 downstream tasks scheduled from follow-on schedule check
