[2024-08-23 10:49:02,028] {taskinstance.py:1159} INFO - Dependencies all met for <TaskInstance: climate_data.extrai_dados scheduled__2024-08-12T00:00:00+00:00 [queued]>
[2024-08-23 10:49:02,032] {taskinstance.py:1159} INFO - Dependencies all met for <TaskInstance: climate_data.extrai_dados scheduled__2024-08-12T00:00:00+00:00 [queued]>
[2024-08-23 10:49:02,032] {taskinstance.py:1356} INFO - 
--------------------------------------------------------------------------------
[2024-08-23 10:49:02,032] {taskinstance.py:1357} INFO - Starting attempt 1 of 1
[2024-08-23 10:49:02,032] {taskinstance.py:1358} INFO - 
--------------------------------------------------------------------------------
[2024-08-23 10:49:02,041] {taskinstance.py:1377} INFO - Executing <Task(PythonOperator): extrai_dados> on 2024-08-12 00:00:00+00:00
[2024-08-23 10:49:02,044] {standard_task_runner.py:52} INFO - Started process 42061 to run task
[2024-08-23 10:49:02,045] {standard_task_runner.py:79} INFO - Running: ['airflow', 'tasks', 'run', 'climate_data', 'extrai_dados', 'scheduled__2024-08-12T00:00:00+00:00', '--job-id', '11', '--raw', '--subdir', 'DAGS_FOLDER/climate_data.py', '--cfg-path', '/tmp/tmpym2e7l3o', '--error-file', '/tmp/tmp70fchxwx']
[2024-08-23 10:49:02,046] {standard_task_runner.py:80} INFO - Job 11: Subtask extrai_dados
[2024-08-23 10:49:02,070] {task_command.py:370} INFO - Running <TaskInstance: climate_data.extrai_dados scheduled__2024-08-12T00:00:00+00:00 [running]> on host DESKTOP-TAQHM1V.
[2024-08-23 10:49:02,100] {taskinstance.py:1569} INFO - Exporting the following env vars:
AIRFLOW_CTX_DAG_OWNER=airflow
AIRFLOW_CTX_DAG_ID=climate_data
AIRFLOW_CTX_TASK_ID=extrai_dados
AIRFLOW_CTX_EXECUTION_DATE=2024-08-12T00:00:00+00:00
AIRFLOW_CTX_TRY_NUMBER=1
AIRFLOW_CTX_DAG_RUN_ID=scheduled__2024-08-12T00:00:00+00:00
[2024-08-23 10:49:02,784] {python.py:173} INFO - Done. Returned value was: None
[2024-08-23 10:49:02,789] {taskinstance.py:1395} INFO - Marking task as SUCCESS. dag_id=climate_data, task_id=extrai_dados, execution_date=20240812T000000, start_date=20240823T134902, end_date=20240823T134902
[2024-08-23 10:49:02,821] {local_task_job.py:156} INFO - Task exited with return code 0
[2024-08-23 10:49:02,830] {local_task_job.py:273} INFO - 0 downstream tasks scheduled from follow-on schedule check
