[2024-08-23 10:49:00,069] {taskinstance.py:1159} INFO - Dependencies all met for <TaskInstance: climate_data.extrai_dados scheduled__2024-08-05T00:00:00+00:00 [queued]>
[2024-08-23 10:49:00,072] {taskinstance.py:1159} INFO - Dependencies all met for <TaskInstance: climate_data.extrai_dados scheduled__2024-08-05T00:00:00+00:00 [queued]>
[2024-08-23 10:49:00,072] {taskinstance.py:1356} INFO - 
--------------------------------------------------------------------------------
[2024-08-23 10:49:00,072] {taskinstance.py:1357} INFO - Starting attempt 1 of 1
[2024-08-23 10:49:00,072] {taskinstance.py:1358} INFO - 
--------------------------------------------------------------------------------
[2024-08-23 10:49:00,080] {taskinstance.py:1377} INFO - Executing <Task(PythonOperator): extrai_dados> on 2024-08-05 00:00:00+00:00
[2024-08-23 10:49:00,083] {standard_task_runner.py:52} INFO - Started process 42036 to run task
[2024-08-23 10:49:00,084] {standard_task_runner.py:79} INFO - Running: ['airflow', 'tasks', 'run', 'climate_data', 'extrai_dados', 'scheduled__2024-08-05T00:00:00+00:00', '--job-id', '10', '--raw', '--subdir', 'DAGS_FOLDER/climate_data.py', '--cfg-path', '/tmp/tmp70bsq1ev', '--error-file', '/tmp/tmperer7ykj']
[2024-08-23 10:49:00,084] {standard_task_runner.py:80} INFO - Job 10: Subtask extrai_dados
[2024-08-23 10:49:00,106] {task_command.py:370} INFO - Running <TaskInstance: climate_data.extrai_dados scheduled__2024-08-05T00:00:00+00:00 [running]> on host DESKTOP-TAQHM1V.
[2024-08-23 10:49:00,135] {taskinstance.py:1569} INFO - Exporting the following env vars:
AIRFLOW_CTX_DAG_OWNER=airflow
AIRFLOW_CTX_DAG_ID=climate_data
AIRFLOW_CTX_TASK_ID=extrai_dados
AIRFLOW_CTX_EXECUTION_DATE=2024-08-05T00:00:00+00:00
AIRFLOW_CTX_TRY_NUMBER=1
AIRFLOW_CTX_DAG_RUN_ID=scheduled__2024-08-05T00:00:00+00:00
[2024-08-23 10:49:00,769] {python.py:173} INFO - Done. Returned value was: None
[2024-08-23 10:49:00,773] {taskinstance.py:1395} INFO - Marking task as SUCCESS. dag_id=climate_data, task_id=extrai_dados, execution_date=20240805T000000, start_date=20240823T134900, end_date=20240823T134900
[2024-08-23 10:49:00,818] {local_task_job.py:156} INFO - Task exited with return code 0
[2024-08-23 10:49:00,828] {local_task_job.py:273} INFO - 0 downstream tasks scheduled from follow-on schedule check
