[2024-08-23 10:38:20,993] {taskinstance.py:1159} INFO - Dependencies all met for <TaskInstance: climate_data.create_folder scheduled__2024-08-05T00:00:00+00:00 [queued]>
[2024-08-23 10:38:20,996] {taskinstance.py:1159} INFO - Dependencies all met for <TaskInstance: climate_data.create_folder scheduled__2024-08-05T00:00:00+00:00 [queued]>
[2024-08-23 10:38:20,996] {taskinstance.py:1356} INFO - 
--------------------------------------------------------------------------------
[2024-08-23 10:38:20,996] {taskinstance.py:1357} INFO - Starting attempt 1 of 1
[2024-08-23 10:38:20,996] {taskinstance.py:1358} INFO - 
--------------------------------------------------------------------------------
[2024-08-23 10:38:21,004] {taskinstance.py:1377} INFO - Executing <Task(BashOperator): create_folder> on 2024-08-05 00:00:00+00:00
[2024-08-23 10:38:21,006] {standard_task_runner.py:52} INFO - Started process 37354 to run task
[2024-08-23 10:38:21,008] {standard_task_runner.py:79} INFO - Running: ['airflow', 'tasks', 'run', 'climate_data', 'create_folder', 'scheduled__2024-08-05T00:00:00+00:00', '--job-id', '7', '--raw', '--subdir', 'DAGS_FOLDER/climate_data.py', '--cfg-path', '/tmp/tmphsayndf5', '--error-file', '/tmp/tmpd57cn54i']
[2024-08-23 10:38:21,008] {standard_task_runner.py:80} INFO - Job 7: Subtask create_folder
[2024-08-23 10:38:21,030] {task_command.py:370} INFO - Running <TaskInstance: climate_data.create_folder scheduled__2024-08-05T00:00:00+00:00 [running]> on host DESKTOP-TAQHM1V.
[2024-08-23 10:38:21,059] {taskinstance.py:1569} INFO - Exporting the following env vars:
AIRFLOW_CTX_DAG_OWNER=airflow
AIRFLOW_CTX_DAG_ID=climate_data
AIRFLOW_CTX_TASK_ID=create_folder
AIRFLOW_CTX_EXECUTION_DATE=2024-08-05T00:00:00+00:00
AIRFLOW_CTX_TRY_NUMBER=1
AIRFLOW_CTX_DAG_RUN_ID=scheduled__2024-08-05T00:00:00+00:00
[2024-08-23 10:38:21,059] {subprocess.py:62} INFO - Tmp dir root location: 
 /tmp
[2024-08-23 10:38:21,060] {subprocess.py:74} INFO - Running command: ['bash', '-c', 'mkdir -p "/root/Documentos/pipeline-airflow/python_scripts_and_generated_documents/week=2024-08-12"']
[2024-08-23 10:38:21,064] {subprocess.py:85} INFO - Output:
[2024-08-23 10:38:21,066] {subprocess.py:96} INFO - Command exited with return code 0
[2024-08-23 10:38:21,078] {taskinstance.py:1395} INFO - Marking task as SUCCESS. dag_id=climate_data, task_id=create_folder, execution_date=20240805T000000, start_date=20240823T133820, end_date=20240823T133821
[2024-08-23 10:38:21,100] {local_task_job.py:156} INFO - Task exited with return code 0
[2024-08-23 10:38:21,115] {local_task_job.py:273} INFO - 1 downstream tasks scheduled from follow-on schedule check
[2024-08-23 10:40:44,535] {taskinstance.py:1159} INFO - Dependencies all met for <TaskInstance: climate_data.create_folder scheduled__2024-08-05T00:00:00+00:00 [queued]>
[2024-08-23 10:40:44,540] {taskinstance.py:1159} INFO - Dependencies all met for <TaskInstance: climate_data.create_folder scheduled__2024-08-05T00:00:00+00:00 [queued]>
[2024-08-23 10:40:44,540] {taskinstance.py:1356} INFO - 
--------------------------------------------------------------------------------
[2024-08-23 10:40:44,540] {taskinstance.py:1357} INFO - Starting attempt 1 of 1
[2024-08-23 10:40:44,540] {taskinstance.py:1358} INFO - 
--------------------------------------------------------------------------------
[2024-08-23 10:40:44,548] {taskinstance.py:1377} INFO - Executing <Task(BashOperator): create_folder> on 2024-08-05 00:00:00+00:00
[2024-08-23 10:40:44,550] {standard_task_runner.py:52} INFO - Started process 38373 to run task
[2024-08-23 10:40:44,552] {standard_task_runner.py:79} INFO - Running: ['airflow', 'tasks', 'run', 'climate_data', 'create_folder', 'scheduled__2024-08-05T00:00:00+00:00', '--job-id', '7', '--raw', '--subdir', 'DAGS_FOLDER/climate_data.py', '--cfg-path', '/tmp/tmphq2m1da5', '--error-file', '/tmp/tmpj_2n6346']
[2024-08-23 10:40:44,552] {standard_task_runner.py:80} INFO - Job 7: Subtask create_folder
[2024-08-23 10:40:44,574] {task_command.py:370} INFO - Running <TaskInstance: climate_data.create_folder scheduled__2024-08-05T00:00:00+00:00 [running]> on host DESKTOP-TAQHM1V.
[2024-08-23 10:40:44,605] {taskinstance.py:1569} INFO - Exporting the following env vars:
AIRFLOW_CTX_DAG_OWNER=airflow
AIRFLOW_CTX_DAG_ID=climate_data
AIRFLOW_CTX_TASK_ID=create_folder
AIRFLOW_CTX_EXECUTION_DATE=2024-08-05T00:00:00+00:00
AIRFLOW_CTX_TRY_NUMBER=1
AIRFLOW_CTX_DAG_RUN_ID=scheduled__2024-08-05T00:00:00+00:00
[2024-08-23 10:40:44,606] {subprocess.py:62} INFO - Tmp dir root location: 
 /tmp
[2024-08-23 10:40:44,606] {subprocess.py:74} INFO - Running command: ['bash', '-c', 'mkdir -p "/root/Documentos/pipeline-airflow/generated_documents/week=2024-08-12"']
[2024-08-23 10:40:44,610] {subprocess.py:85} INFO - Output:
[2024-08-23 10:40:44,612] {subprocess.py:96} INFO - Command exited with return code 0
[2024-08-23 10:40:44,624] {taskinstance.py:1395} INFO - Marking task as SUCCESS. dag_id=climate_data, task_id=create_folder, execution_date=20240805T000000, start_date=20240823T134044, end_date=20240823T134044
[2024-08-23 10:40:44,644] {local_task_job.py:156} INFO - Task exited with return code 0
[2024-08-23 10:40:44,659] {local_task_job.py:273} INFO - 1 downstream tasks scheduled from follow-on schedule check
[2024-08-23 10:44:31,288] {taskinstance.py:1159} INFO - Dependencies all met for <TaskInstance: climate_data.create_folder scheduled__2024-08-05T00:00:00+00:00 [queued]>
[2024-08-23 10:44:31,291] {taskinstance.py:1159} INFO - Dependencies all met for <TaskInstance: climate_data.create_folder scheduled__2024-08-05T00:00:00+00:00 [queued]>
[2024-08-23 10:44:31,291] {taskinstance.py:1356} INFO - 
--------------------------------------------------------------------------------
[2024-08-23 10:44:31,291] {taskinstance.py:1357} INFO - Starting attempt 1 of 1
[2024-08-23 10:44:31,292] {taskinstance.py:1358} INFO - 
--------------------------------------------------------------------------------
[2024-08-23 10:44:31,300] {taskinstance.py:1377} INFO - Executing <Task(BashOperator): create_folder> on 2024-08-05 00:00:00+00:00
[2024-08-23 10:44:31,302] {standard_task_runner.py:52} INFO - Started process 39930 to run task
[2024-08-23 10:44:31,304] {standard_task_runner.py:79} INFO - Running: ['airflow', 'tasks', 'run', 'climate_data', 'create_folder', 'scheduled__2024-08-05T00:00:00+00:00', '--job-id', '7', '--raw', '--subdir', 'DAGS_FOLDER/climate_data.py', '--cfg-path', '/tmp/tmpbbmf9g6t', '--error-file', '/tmp/tmp6zj94b09']
[2024-08-23 10:44:31,304] {standard_task_runner.py:80} INFO - Job 7: Subtask create_folder
[2024-08-23 10:44:31,327] {task_command.py:370} INFO - Running <TaskInstance: climate_data.create_folder scheduled__2024-08-05T00:00:00+00:00 [running]> on host DESKTOP-TAQHM1V.
[2024-08-23 10:44:31,356] {taskinstance.py:1569} INFO - Exporting the following env vars:
AIRFLOW_CTX_DAG_OWNER=airflow
AIRFLOW_CTX_DAG_ID=climate_data
AIRFLOW_CTX_TASK_ID=create_folder
AIRFLOW_CTX_EXECUTION_DATE=2024-08-05T00:00:00+00:00
AIRFLOW_CTX_TRY_NUMBER=1
AIRFLOW_CTX_DAG_RUN_ID=scheduled__2024-08-05T00:00:00+00:00
[2024-08-23 10:44:31,357] {subprocess.py:62} INFO - Tmp dir root location: 
 /tmp
[2024-08-23 10:44:31,358] {subprocess.py:74} INFO - Running command: ['bash', '-c', 'mkdir -p "/root/Documentos/pipeline-airflow/generated_documents/week=2024-08-12"']
[2024-08-23 10:44:31,362] {subprocess.py:85} INFO - Output:
[2024-08-23 10:44:31,364] {subprocess.py:96} INFO - Command exited with return code 0
[2024-08-23 10:44:31,377] {taskinstance.py:1395} INFO - Marking task as SUCCESS. dag_id=climate_data, task_id=create_folder, execution_date=20240805T000000, start_date=20240823T134431, end_date=20240823T134431
[2024-08-23 10:44:31,396] {local_task_job.py:156} INFO - Task exited with return code 0
[2024-08-23 10:44:31,412] {local_task_job.py:273} INFO - 1 downstream tasks scheduled from follow-on schedule check
[2024-08-23 10:48:55,157] {taskinstance.py:1159} INFO - Dependencies all met for <TaskInstance: climate_data.create_folder scheduled__2024-08-05T00:00:00+00:00 [queued]>
[2024-08-23 10:48:55,160] {taskinstance.py:1159} INFO - Dependencies all met for <TaskInstance: climate_data.create_folder scheduled__2024-08-05T00:00:00+00:00 [queued]>
[2024-08-23 10:48:55,160] {taskinstance.py:1356} INFO - 
--------------------------------------------------------------------------------
[2024-08-23 10:48:55,160] {taskinstance.py:1357} INFO - Starting attempt 1 of 1
[2024-08-23 10:48:55,160] {taskinstance.py:1358} INFO - 
--------------------------------------------------------------------------------
[2024-08-23 10:48:55,169] {taskinstance.py:1377} INFO - Executing <Task(BashOperator): create_folder> on 2024-08-05 00:00:00+00:00
[2024-08-23 10:48:55,171] {standard_task_runner.py:52} INFO - Started process 41964 to run task
[2024-08-23 10:48:55,172] {standard_task_runner.py:79} INFO - Running: ['airflow', 'tasks', 'run', 'climate_data', 'create_folder', 'scheduled__2024-08-05T00:00:00+00:00', '--job-id', '7', '--raw', '--subdir', 'DAGS_FOLDER/climate_data.py', '--cfg-path', '/tmp/tmpjhath5aj', '--error-file', '/tmp/tmpbxt7y8sy']
[2024-08-23 10:48:55,173] {standard_task_runner.py:80} INFO - Job 7: Subtask create_folder
[2024-08-23 10:48:55,194] {task_command.py:370} INFO - Running <TaskInstance: climate_data.create_folder scheduled__2024-08-05T00:00:00+00:00 [running]> on host DESKTOP-TAQHM1V.
[2024-08-23 10:48:55,223] {taskinstance.py:1569} INFO - Exporting the following env vars:
AIRFLOW_CTX_DAG_OWNER=airflow
AIRFLOW_CTX_DAG_ID=climate_data
AIRFLOW_CTX_TASK_ID=create_folder
AIRFLOW_CTX_EXECUTION_DATE=2024-08-05T00:00:00+00:00
AIRFLOW_CTX_TRY_NUMBER=1
AIRFLOW_CTX_DAG_RUN_ID=scheduled__2024-08-05T00:00:00+00:00
[2024-08-23 10:48:55,224] {subprocess.py:62} INFO - Tmp dir root location: 
 /tmp
[2024-08-23 10:48:55,224] {subprocess.py:74} INFO - Running command: ['bash', '-c', 'mkdir -p "/root/Documentos/pipeline-airflow/generated_documents/semana=2024-08-12"']
[2024-08-23 10:48:55,229] {subprocess.py:85} INFO - Output:
[2024-08-23 10:48:55,230] {subprocess.py:96} INFO - Command exited with return code 0
[2024-08-23 10:48:55,243] {taskinstance.py:1395} INFO - Marking task as SUCCESS. dag_id=climate_data, task_id=create_folder, execution_date=20240805T000000, start_date=20240823T134855, end_date=20240823T134855
[2024-08-23 10:48:55,265] {local_task_job.py:156} INFO - Task exited with return code 0
[2024-08-23 10:48:55,280] {local_task_job.py:273} INFO - 1 downstream tasks scheduled from follow-on schedule check
