[2024-08-23 10:29:06,555] {processor.py:153} INFO - Started process (PID=33542) to work on /root/Documentos/pipeline-airflow/dags/climate_data.py
[2024-08-23 10:29:06,555] {processor.py:641} INFO - Processing file /root/Documentos/pipeline-airflow/dags/climate_data.py for tasks to queue
[2024-08-23 10:29:06,555] {logging_mixin.py:115} INFO - [2024-08-23 10:29:06,555] {dagbag.py:507} INFO - Filling up the DagBag from /root/Documentos/pipeline-airflow/dags/climate_data.py
[2024-08-23 10:29:06,556] {logging_mixin.py:115} INFO - [2024-08-23 10:29:06,556] {dagbag.py:320} ERROR - Failed to import: /root/Documentos/pipeline-airflow/dags/climate_data.py
Traceback (most recent call last):
  File "/root/Documentos/pipeline-airflow/venv/lib/python3.10/site-packages/airflow/models/dagbag.py", line 317, in parse
    loader.exec_module(new_module)
  File "<frozen importlib._bootstrap_external>", line 879, in exec_module
  File "<frozen importlib._bootstrap_external>", line 1017, in get_code
  File "<frozen importlib._bootstrap_external>", line 947, in source_to_code
  File "<frozen importlib._bootstrap>", line 241, in _call_with_frames_removed
  File "/root/Documentos/pipeline-airflow/dags/climate_data.py", line 14
    start_date=pendulum.datetime(2024, 7, 29, tz='UTC')
               ^^^^^^
SyntaxError: invalid syntax. Perhaps you forgot a comma?
[2024-08-23 10:29:06,556] {processor.py:653} WARNING - No viable dags retrieved from /root/Documentos/pipeline-airflow/dags/climate_data.py
[2024-08-23 10:29:06,567] {processor.py:161} INFO - Processing /root/Documentos/pipeline-airflow/dags/climate_data.py took 0.014 seconds
[2024-08-23 10:29:37,583] {processor.py:153} INFO - Started process (PID=33744) to work on /root/Documentos/pipeline-airflow/dags/climate_data.py
[2024-08-23 10:29:37,584] {processor.py:641} INFO - Processing file /root/Documentos/pipeline-airflow/dags/climate_data.py for tasks to queue
[2024-08-23 10:29:37,584] {logging_mixin.py:115} INFO - [2024-08-23 10:29:37,584] {dagbag.py:507} INFO - Filling up the DagBag from /root/Documentos/pipeline-airflow/dags/climate_data.py
[2024-08-23 10:29:37,585] {logging_mixin.py:115} INFO - [2024-08-23 10:29:37,585] {dagbag.py:320} ERROR - Failed to import: /root/Documentos/pipeline-airflow/dags/climate_data.py
Traceback (most recent call last):
  File "/root/Documentos/pipeline-airflow/venv/lib/python3.10/site-packages/airflow/models/dagbag.py", line 317, in parse
    loader.exec_module(new_module)
  File "<frozen importlib._bootstrap_external>", line 879, in exec_module
  File "<frozen importlib._bootstrap_external>", line 1017, in get_code
  File "<frozen importlib._bootstrap_external>", line 947, in source_to_code
  File "<frozen importlib._bootstrap>", line 241, in _call_with_frames_removed
  File "/root/Documentos/pipeline-airflow/dags/climate_data.py", line 14
    start_date=pendulum.datetime(2024, 7, 29, tz='UTC')
               ^^^^^^
SyntaxError: invalid syntax. Perhaps you forgot a comma?
[2024-08-23 10:29:37,585] {processor.py:653} WARNING - No viable dags retrieved from /root/Documentos/pipeline-airflow/dags/climate_data.py
[2024-08-23 10:29:37,605] {processor.py:161} INFO - Processing /root/Documentos/pipeline-airflow/dags/climate_data.py took 0.024 seconds
[2024-08-23 10:30:09,476] {processor.py:153} INFO - Started process (PID=33948) to work on /root/Documentos/pipeline-airflow/dags/climate_data.py
[2024-08-23 10:30:09,477] {processor.py:641} INFO - Processing file /root/Documentos/pipeline-airflow/dags/climate_data.py for tasks to queue
[2024-08-23 10:30:09,477] {logging_mixin.py:115} INFO - [2024-08-23 10:30:09,477] {dagbag.py:507} INFO - Filling up the DagBag from /root/Documentos/pipeline-airflow/dags/climate_data.py
[2024-08-23 10:30:09,478] {logging_mixin.py:115} INFO - [2024-08-23 10:30:09,478] {dagbag.py:320} ERROR - Failed to import: /root/Documentos/pipeline-airflow/dags/climate_data.py
Traceback (most recent call last):
  File "/root/Documentos/pipeline-airflow/venv/lib/python3.10/site-packages/airflow/models/dagbag.py", line 317, in parse
    loader.exec_module(new_module)
  File "<frozen importlib._bootstrap_external>", line 879, in exec_module
  File "<frozen importlib._bootstrap_external>", line 1017, in get_code
  File "<frozen importlib._bootstrap_external>", line 947, in source_to_code
  File "<frozen importlib._bootstrap>", line 241, in _call_with_frames_removed
  File "/root/Documentos/pipeline-airflow/dags/climate_data.py", line 14
    start_date=pendulum.datetime(2024, 7, 29, tz='UTC')
               ^^^^^^
SyntaxError: invalid syntax. Perhaps you forgot a comma?
[2024-08-23 10:30:09,479] {processor.py:653} WARNING - No viable dags retrieved from /root/Documentos/pipeline-airflow/dags/climate_data.py
[2024-08-23 10:30:09,492] {processor.py:161} INFO - Processing /root/Documentos/pipeline-airflow/dags/climate_data.py took 0.017 seconds
[2024-08-23 10:30:41,250] {processor.py:153} INFO - Started process (PID=34181) to work on /root/Documentos/pipeline-airflow/dags/climate_data.py
[2024-08-23 10:30:41,251] {processor.py:641} INFO - Processing file /root/Documentos/pipeline-airflow/dags/climate_data.py for tasks to queue
[2024-08-23 10:30:41,251] {logging_mixin.py:115} INFO - [2024-08-23 10:30:41,251] {dagbag.py:507} INFO - Filling up the DagBag from /root/Documentos/pipeline-airflow/dags/climate_data.py
[2024-08-23 10:30:41,252] {logging_mixin.py:115} INFO - [2024-08-23 10:30:41,252] {dagbag.py:320} ERROR - Failed to import: /root/Documentos/pipeline-airflow/dags/climate_data.py
Traceback (most recent call last):
  File "/root/Documentos/pipeline-airflow/venv/lib/python3.10/site-packages/airflow/models/dagbag.py", line 317, in parse
    loader.exec_module(new_module)
  File "<frozen importlib._bootstrap_external>", line 879, in exec_module
  File "<frozen importlib._bootstrap_external>", line 1017, in get_code
  File "<frozen importlib._bootstrap_external>", line 947, in source_to_code
  File "<frozen importlib._bootstrap>", line 241, in _call_with_frames_removed
  File "/root/Documentos/pipeline-airflow/dags/climate_data.py", line 14
    start_date=pendulum.datetime(2024, 7, 29, tz='UTC')
               ^^^^^^
SyntaxError: invalid syntax. Perhaps you forgot a comma?
[2024-08-23 10:30:41,253] {processor.py:653} WARNING - No viable dags retrieved from /root/Documentos/pipeline-airflow/dags/climate_data.py
[2024-08-23 10:30:41,265] {processor.py:161} INFO - Processing /root/Documentos/pipeline-airflow/dags/climate_data.py took 0.017 seconds
[2024-08-23 10:31:16,124] {processor.py:153} INFO - Started process (PID=34406) to work on /root/Documentos/pipeline-airflow/dags/climate_data.py
[2024-08-23 10:31:16,125] {processor.py:641} INFO - Processing file /root/Documentos/pipeline-airflow/dags/climate_data.py for tasks to queue
[2024-08-23 10:31:16,125] {logging_mixin.py:115} INFO - [2024-08-23 10:31:16,125] {dagbag.py:507} INFO - Filling up the DagBag from /root/Documentos/pipeline-airflow/dags/climate_data.py
[2024-08-23 10:31:16,126] {logging_mixin.py:115} INFO - [2024-08-23 10:31:16,126] {dagbag.py:320} ERROR - Failed to import: /root/Documentos/pipeline-airflow/dags/climate_data.py
Traceback (most recent call last):
  File "/root/Documentos/pipeline-airflow/venv/lib/python3.10/site-packages/airflow/models/dagbag.py", line 317, in parse
    loader.exec_module(new_module)
  File "<frozen importlib._bootstrap_external>", line 879, in exec_module
  File "<frozen importlib._bootstrap_external>", line 1017, in get_code
  File "<frozen importlib._bootstrap_external>", line 947, in source_to_code
  File "<frozen importlib._bootstrap>", line 241, in _call_with_frames_removed
  File "/root/Documentos/pipeline-airflow/dags/climate_data.py", line 14
    start_date=pendulum.datetime(2024, 7, 29, tz='UTC')
               ^^^^^^
SyntaxError: invalid syntax. Perhaps you forgot a comma?
[2024-08-23 10:31:16,126] {processor.py:653} WARNING - No viable dags retrieved from /root/Documentos/pipeline-airflow/dags/climate_data.py
[2024-08-23 10:31:16,138] {processor.py:161} INFO - Processing /root/Documentos/pipeline-airflow/dags/climate_data.py took 0.015 seconds
[2024-08-23 10:31:50,276] {processor.py:153} INFO - Started process (PID=34781) to work on /root/Documentos/pipeline-airflow/dags/climate_data.py
[2024-08-23 10:31:50,277] {processor.py:641} INFO - Processing file /root/Documentos/pipeline-airflow/dags/climate_data.py for tasks to queue
[2024-08-23 10:31:50,278] {logging_mixin.py:115} INFO - [2024-08-23 10:31:50,277] {dagbag.py:507} INFO - Filling up the DagBag from /root/Documentos/pipeline-airflow/dags/climate_data.py
[2024-08-23 10:31:50,279] {logging_mixin.py:115} INFO - [2024-08-23 10:31:50,278] {dagbag.py:320} ERROR - Failed to import: /root/Documentos/pipeline-airflow/dags/climate_data.py
Traceback (most recent call last):
  File "/root/Documentos/pipeline-airflow/venv/lib/python3.10/site-packages/airflow/models/dagbag.py", line 317, in parse
    loader.exec_module(new_module)
  File "<frozen importlib._bootstrap_external>", line 879, in exec_module
  File "<frozen importlib._bootstrap_external>", line 1017, in get_code
  File "<frozen importlib._bootstrap_external>", line 947, in source_to_code
  File "<frozen importlib._bootstrap>", line 241, in _call_with_frames_removed
  File "/root/Documentos/pipeline-airflow/dags/climate_data.py", line 14
    start_date=pendulum.datetime(2024, 7, 29, tz='UTC')
               ^^^^^^
SyntaxError: invalid syntax. Perhaps you forgot a comma?
[2024-08-23 10:31:50,279] {processor.py:653} WARNING - No viable dags retrieved from /root/Documentos/pipeline-airflow/dags/climate_data.py
[2024-08-23 10:31:50,290] {processor.py:161} INFO - Processing /root/Documentos/pipeline-airflow/dags/climate_data.py took 0.015 seconds
[2024-08-23 10:32:26,789] {processor.py:153} INFO - Started process (PID=35016) to work on /root/Documentos/pipeline-airflow/dags/climate_data.py
[2024-08-23 10:32:26,789] {processor.py:641} INFO - Processing file /root/Documentos/pipeline-airflow/dags/climate_data.py for tasks to queue
[2024-08-23 10:32:26,790] {logging_mixin.py:115} INFO - [2024-08-23 10:32:26,789] {dagbag.py:507} INFO - Filling up the DagBag from /root/Documentos/pipeline-airflow/dags/climate_data.py
[2024-08-23 10:32:26,791] {logging_mixin.py:115} INFO - [2024-08-23 10:32:26,790] {dagbag.py:320} ERROR - Failed to import: /root/Documentos/pipeline-airflow/dags/climate_data.py
Traceback (most recent call last):
  File "/root/Documentos/pipeline-airflow/venv/lib/python3.10/site-packages/airflow/models/dagbag.py", line 317, in parse
    loader.exec_module(new_module)
  File "<frozen importlib._bootstrap_external>", line 879, in exec_module
  File "<frozen importlib._bootstrap_external>", line 1017, in get_code
  File "<frozen importlib._bootstrap_external>", line 947, in source_to_code
  File "<frozen importlib._bootstrap>", line 241, in _call_with_frames_removed
  File "/root/Documentos/pipeline-airflow/dags/climate_data.py", line 14
    start_date=pendulum.datetime(2024, 7, 29, tz='UTC')
               ^^^^^^
SyntaxError: invalid syntax. Perhaps you forgot a comma?
[2024-08-23 10:32:26,791] {processor.py:653} WARNING - No viable dags retrieved from /root/Documentos/pipeline-airflow/dags/climate_data.py
[2024-08-23 10:32:26,802] {processor.py:161} INFO - Processing /root/Documentos/pipeline-airflow/dags/climate_data.py took 0.015 seconds
[2024-08-23 10:32:57,277] {processor.py:153} INFO - Started process (PID=35213) to work on /root/Documentos/pipeline-airflow/dags/climate_data.py
[2024-08-23 10:32:57,277] {processor.py:641} INFO - Processing file /root/Documentos/pipeline-airflow/dags/climate_data.py for tasks to queue
[2024-08-23 10:32:57,277] {logging_mixin.py:115} INFO - [2024-08-23 10:32:57,277] {dagbag.py:507} INFO - Filling up the DagBag from /root/Documentos/pipeline-airflow/dags/climate_data.py
[2024-08-23 10:32:57,278] {logging_mixin.py:115} INFO - [2024-08-23 10:32:57,278] {dagbag.py:320} ERROR - Failed to import: /root/Documentos/pipeline-airflow/dags/climate_data.py
Traceback (most recent call last):
  File "/root/Documentos/pipeline-airflow/venv/lib/python3.10/site-packages/airflow/models/dagbag.py", line 317, in parse
    loader.exec_module(new_module)
  File "<frozen importlib._bootstrap_external>", line 879, in exec_module
  File "<frozen importlib._bootstrap_external>", line 1017, in get_code
  File "<frozen importlib._bootstrap_external>", line 947, in source_to_code
  File "<frozen importlib._bootstrap>", line 241, in _call_with_frames_removed
  File "/root/Documentos/pipeline-airflow/dags/climate_data.py", line 14
    start_date=pendulum.datetime(2024, 7, 29, tz='UTC')
               ^^^^^^
SyntaxError: invalid syntax. Perhaps you forgot a comma?
[2024-08-23 10:32:57,279] {processor.py:653} WARNING - No viable dags retrieved from /root/Documentos/pipeline-airflow/dags/climate_data.py
[2024-08-23 10:32:57,290] {processor.py:161} INFO - Processing /root/Documentos/pipeline-airflow/dags/climate_data.py took 0.015 seconds
[2024-08-23 10:33:28,352] {processor.py:153} INFO - Started process (PID=35413) to work on /root/Documentos/pipeline-airflow/dags/climate_data.py
[2024-08-23 10:33:28,353] {processor.py:641} INFO - Processing file /root/Documentos/pipeline-airflow/dags/climate_data.py for tasks to queue
[2024-08-23 10:33:28,353] {logging_mixin.py:115} INFO - [2024-08-23 10:33:28,353] {dagbag.py:507} INFO - Filling up the DagBag from /root/Documentos/pipeline-airflow/dags/climate_data.py
[2024-08-23 10:33:28,355] {logging_mixin.py:115} INFO - [2024-08-23 10:33:28,354] {dagbag.py:320} ERROR - Failed to import: /root/Documentos/pipeline-airflow/dags/climate_data.py
Traceback (most recent call last):
  File "/root/Documentos/pipeline-airflow/venv/lib/python3.10/site-packages/airflow/models/dagbag.py", line 317, in parse
    loader.exec_module(new_module)
  File "<frozen importlib._bootstrap_external>", line 879, in exec_module
  File "<frozen importlib._bootstrap_external>", line 1017, in get_code
  File "<frozen importlib._bootstrap_external>", line 947, in source_to_code
  File "<frozen importlib._bootstrap>", line 241, in _call_with_frames_removed
  File "/root/Documentos/pipeline-airflow/dags/climate_data.py", line 14
    start_date=pendulum.datetime(2024, 7, 29, tz='UTC')
               ^^^^^^
SyntaxError: invalid syntax. Perhaps you forgot a comma?
[2024-08-23 10:33:28,355] {processor.py:653} WARNING - No viable dags retrieved from /root/Documentos/pipeline-airflow/dags/climate_data.py
[2024-08-23 10:33:28,366] {processor.py:161} INFO - Processing /root/Documentos/pipeline-airflow/dags/climate_data.py took 0.015 seconds
[2024-08-23 10:33:58,500] {processor.py:153} INFO - Started process (PID=35627) to work on /root/Documentos/pipeline-airflow/dags/climate_data.py
[2024-08-23 10:33:58,501] {processor.py:641} INFO - Processing file /root/Documentos/pipeline-airflow/dags/climate_data.py for tasks to queue
[2024-08-23 10:33:58,501] {logging_mixin.py:115} INFO - [2024-08-23 10:33:58,501] {dagbag.py:507} INFO - Filling up the DagBag from /root/Documentos/pipeline-airflow/dags/climate_data.py
[2024-08-23 10:33:58,502] {logging_mixin.py:115} INFO - [2024-08-23 10:33:58,502] {dagbag.py:320} ERROR - Failed to import: /root/Documentos/pipeline-airflow/dags/climate_data.py
Traceback (most recent call last):
  File "/root/Documentos/pipeline-airflow/venv/lib/python3.10/site-packages/airflow/models/dagbag.py", line 317, in parse
    loader.exec_module(new_module)
  File "<frozen importlib._bootstrap_external>", line 879, in exec_module
  File "<frozen importlib._bootstrap_external>", line 1017, in get_code
  File "<frozen importlib._bootstrap_external>", line 947, in source_to_code
  File "<frozen importlib._bootstrap>", line 241, in _call_with_frames_removed
  File "/root/Documentos/pipeline-airflow/dags/climate_data.py", line 14
    start_date=pendulum.datetime(2024, 7, 29, tz='UTC')
               ^^^^^^
SyntaxError: invalid syntax. Perhaps you forgot a comma?
[2024-08-23 10:33:58,502] {processor.py:653} WARNING - No viable dags retrieved from /root/Documentos/pipeline-airflow/dags/climate_data.py
[2024-08-23 10:33:58,514] {processor.py:161} INFO - Processing /root/Documentos/pipeline-airflow/dags/climate_data.py took 0.015 seconds
[2024-08-23 10:34:33,265] {processor.py:153} INFO - Started process (PID=35851) to work on /root/Documentos/pipeline-airflow/dags/climate_data.py
[2024-08-23 10:34:33,265] {processor.py:641} INFO - Processing file /root/Documentos/pipeline-airflow/dags/climate_data.py for tasks to queue
[2024-08-23 10:34:33,266] {logging_mixin.py:115} INFO - [2024-08-23 10:34:33,266] {dagbag.py:507} INFO - Filling up the DagBag from /root/Documentos/pipeline-airflow/dags/climate_data.py
[2024-08-23 10:34:33,267] {logging_mixin.py:115} INFO - [2024-08-23 10:34:33,267] {dagbag.py:320} ERROR - Failed to import: /root/Documentos/pipeline-airflow/dags/climate_data.py
Traceback (most recent call last):
  File "/root/Documentos/pipeline-airflow/venv/lib/python3.10/site-packages/airflow/models/dagbag.py", line 317, in parse
    loader.exec_module(new_module)
  File "<frozen importlib._bootstrap_external>", line 879, in exec_module
  File "<frozen importlib._bootstrap_external>", line 1017, in get_code
  File "<frozen importlib._bootstrap_external>", line 947, in source_to_code
  File "<frozen importlib._bootstrap>", line 241, in _call_with_frames_removed
  File "/root/Documentos/pipeline-airflow/dags/climate_data.py", line 14
    start_date=pendulum.datetime(2024, 7, 29, tz='UTC')
               ^^^^^^
SyntaxError: invalid syntax. Perhaps you forgot a comma?
[2024-08-23 10:34:33,267] {processor.py:653} WARNING - No viable dags retrieved from /root/Documentos/pipeline-airflow/dags/climate_data.py
[2024-08-23 10:34:33,281] {processor.py:161} INFO - Processing /root/Documentos/pipeline-airflow/dags/climate_data.py took 0.018 seconds
[2024-08-23 10:35:04,046] {processor.py:153} INFO - Started process (PID=36051) to work on /root/Documentos/pipeline-airflow/dags/climate_data.py
[2024-08-23 10:35:04,047] {processor.py:641} INFO - Processing file /root/Documentos/pipeline-airflow/dags/climate_data.py for tasks to queue
[2024-08-23 10:35:04,047] {logging_mixin.py:115} INFO - [2024-08-23 10:35:04,047] {dagbag.py:507} INFO - Filling up the DagBag from /root/Documentos/pipeline-airflow/dags/climate_data.py
[2024-08-23 10:35:04,048] {logging_mixin.py:115} INFO - [2024-08-23 10:35:04,048] {dagbag.py:320} ERROR - Failed to import: /root/Documentos/pipeline-airflow/dags/climate_data.py
Traceback (most recent call last):
  File "/root/Documentos/pipeline-airflow/venv/lib/python3.10/site-packages/airflow/models/dagbag.py", line 317, in parse
    loader.exec_module(new_module)
  File "<frozen importlib._bootstrap_external>", line 879, in exec_module
  File "<frozen importlib._bootstrap_external>", line 1017, in get_code
  File "<frozen importlib._bootstrap_external>", line 947, in source_to_code
  File "<frozen importlib._bootstrap>", line 241, in _call_with_frames_removed
  File "/root/Documentos/pipeline-airflow/dags/climate_data.py", line 14
    start_date=pendulum.datetime(2024, 7, 29, tz='UTC')
               ^^^^^^
SyntaxError: invalid syntax. Perhaps you forgot a comma?
[2024-08-23 10:35:04,048] {processor.py:653} WARNING - No viable dags retrieved from /root/Documentos/pipeline-airflow/dags/climate_data.py
[2024-08-23 10:35:04,058] {processor.py:161} INFO - Processing /root/Documentos/pipeline-airflow/dags/climate_data.py took 0.014 seconds
[2024-08-23 10:35:35,641] {processor.py:153} INFO - Started process (PID=36257) to work on /root/Documentos/pipeline-airflow/dags/climate_data.py
[2024-08-23 10:35:35,642] {processor.py:641} INFO - Processing file /root/Documentos/pipeline-airflow/dags/climate_data.py for tasks to queue
[2024-08-23 10:35:35,642] {logging_mixin.py:115} INFO - [2024-08-23 10:35:35,642] {dagbag.py:507} INFO - Filling up the DagBag from /root/Documentos/pipeline-airflow/dags/climate_data.py
[2024-08-23 10:35:35,643] {logging_mixin.py:115} INFO - [2024-08-23 10:35:35,643] {dagbag.py:320} ERROR - Failed to import: /root/Documentos/pipeline-airflow/dags/climate_data.py
Traceback (most recent call last):
  File "/root/Documentos/pipeline-airflow/venv/lib/python3.10/site-packages/airflow/models/dagbag.py", line 317, in parse
    loader.exec_module(new_module)
  File "<frozen importlib._bootstrap_external>", line 879, in exec_module
  File "<frozen importlib._bootstrap_external>", line 1017, in get_code
  File "<frozen importlib._bootstrap_external>", line 947, in source_to_code
  File "<frozen importlib._bootstrap>", line 241, in _call_with_frames_removed
  File "/root/Documentos/pipeline-airflow/dags/climate_data.py", line 14
    start_date=pendulum.datetime(2024, 7, 29, tz='UTC')
               ^^^^^^
SyntaxError: invalid syntax. Perhaps you forgot a comma?
[2024-08-23 10:35:35,644] {processor.py:653} WARNING - No viable dags retrieved from /root/Documentos/pipeline-airflow/dags/climate_data.py
[2024-08-23 10:35:35,656] {processor.py:161} INFO - Processing /root/Documentos/pipeline-airflow/dags/climate_data.py took 0.016 seconds
[2024-08-23 10:36:09,525] {processor.py:153} INFO - Started process (PID=36473) to work on /root/Documentos/pipeline-airflow/dags/climate_data.py
[2024-08-23 10:36:09,525] {processor.py:641} INFO - Processing file /root/Documentos/pipeline-airflow/dags/climate_data.py for tasks to queue
[2024-08-23 10:36:09,526] {logging_mixin.py:115} INFO - [2024-08-23 10:36:09,526] {dagbag.py:507} INFO - Filling up the DagBag from /root/Documentos/pipeline-airflow/dags/climate_data.py
[2024-08-23 10:36:09,815] {processor.py:651} INFO - DAG(s) dict_keys(['climate_data']) retrieved from /root/Documentos/pipeline-airflow/dags/climate_data.py
[2024-08-23 10:36:09,848] {logging_mixin.py:115} INFO - [2024-08-23 10:36:09,847] {manager.py:508} INFO - Created Permission View: can edit on DAG:climate_data
[2024-08-23 10:36:09,854] {logging_mixin.py:115} INFO - [2024-08-23 10:36:09,854] {manager.py:508} INFO - Created Permission View: can read on DAG:climate_data
[2024-08-23 10:36:09,859] {logging_mixin.py:115} INFO - [2024-08-23 10:36:09,859] {manager.py:508} INFO - Created Permission View: can delete on DAG:climate_data
[2024-08-23 10:36:09,859] {logging_mixin.py:115} INFO - [2024-08-23 10:36:09,859] {dag.py:2379} INFO - Sync 1 DAGs
[2024-08-23 10:36:09,863] {logging_mixin.py:115} INFO - [2024-08-23 10:36:09,863] {dag.py:2398} INFO - Creating ORM DAG for climate_data
[2024-08-23 10:36:09,868] {logging_mixin.py:115} INFO - [2024-08-23 10:36:09,868] {dag.py:2927} INFO - Setting next_dagrun for climate_data to 2024-07-29T00:00:00+00:00, run_after=2024-08-05T00:00:00+00:00
[2024-08-23 10:36:09,879] {processor.py:161} INFO - Processing /root/Documentos/pipeline-airflow/dags/climate_data.py took 0.356 seconds
[2024-08-23 10:36:40,299] {processor.py:153} INFO - Started process (PID=36673) to work on /root/Documentos/pipeline-airflow/dags/climate_data.py
[2024-08-23 10:36:40,300] {processor.py:641} INFO - Processing file /root/Documentos/pipeline-airflow/dags/climate_data.py for tasks to queue
[2024-08-23 10:36:40,300] {logging_mixin.py:115} INFO - [2024-08-23 10:36:40,300] {dagbag.py:507} INFO - Filling up the DagBag from /root/Documentos/pipeline-airflow/dags/climate_data.py
[2024-08-23 10:36:40,492] {processor.py:651} INFO - DAG(s) dict_keys(['climate_data']) retrieved from /root/Documentos/pipeline-airflow/dags/climate_data.py
[2024-08-23 10:36:40,498] {logging_mixin.py:115} INFO - [2024-08-23 10:36:40,498] {dag.py:2379} INFO - Sync 1 DAGs
[2024-08-23 10:36:40,507] {logging_mixin.py:115} INFO - [2024-08-23 10:36:40,507] {dag.py:2927} INFO - Setting next_dagrun for climate_data to 2024-07-29T00:00:00+00:00, run_after=2024-08-05T00:00:00+00:00
[2024-08-23 10:36:40,514] {processor.py:161} INFO - Processing /root/Documentos/pipeline-airflow/dags/climate_data.py took 0.217 seconds
[2024-08-23 10:37:13,863] {processor.py:153} INFO - Started process (PID=36889) to work on /root/Documentos/pipeline-airflow/dags/climate_data.py
[2024-08-23 10:37:13,864] {processor.py:641} INFO - Processing file /root/Documentos/pipeline-airflow/dags/climate_data.py for tasks to queue
[2024-08-23 10:37:13,864] {logging_mixin.py:115} INFO - [2024-08-23 10:37:13,864] {dagbag.py:507} INFO - Filling up the DagBag from /root/Documentos/pipeline-airflow/dags/climate_data.py
[2024-08-23 10:37:14,055] {processor.py:651} INFO - DAG(s) dict_keys(['climate_data']) retrieved from /root/Documentos/pipeline-airflow/dags/climate_data.py
[2024-08-23 10:37:14,075] {logging_mixin.py:115} INFO - [2024-08-23 10:37:14,075] {dag.py:2379} INFO - Sync 1 DAGs
[2024-08-23 10:37:14,083] {logging_mixin.py:115} INFO - [2024-08-23 10:37:14,083] {dag.py:2927} INFO - Setting next_dagrun for climate_data to 2024-07-29T00:00:00+00:00, run_after=2024-08-05T00:00:00+00:00
[2024-08-23 10:37:14,093] {processor.py:161} INFO - Processing /root/Documentos/pipeline-airflow/dags/climate_data.py took 0.231 seconds
[2024-08-23 10:37:44,844] {processor.py:153} INFO - Started process (PID=37090) to work on /root/Documentos/pipeline-airflow/dags/climate_data.py
[2024-08-23 10:37:44,844] {processor.py:641} INFO - Processing file /root/Documentos/pipeline-airflow/dags/climate_data.py for tasks to queue
[2024-08-23 10:37:44,845] {logging_mixin.py:115} INFO - [2024-08-23 10:37:44,844] {dagbag.py:507} INFO - Filling up the DagBag from /root/Documentos/pipeline-airflow/dags/climate_data.py
[2024-08-23 10:37:45,039] {processor.py:651} INFO - DAG(s) dict_keys(['climate_data']) retrieved from /root/Documentos/pipeline-airflow/dags/climate_data.py
[2024-08-23 10:37:45,045] {logging_mixin.py:115} INFO - [2024-08-23 10:37:45,044] {dag.py:2379} INFO - Sync 1 DAGs
[2024-08-23 10:37:45,054] {logging_mixin.py:115} INFO - [2024-08-23 10:37:45,054] {dag.py:2927} INFO - Setting next_dagrun for climate_data to 2024-07-29T00:00:00+00:00, run_after=2024-08-05T00:00:00+00:00
[2024-08-23 10:37:45,062] {processor.py:161} INFO - Processing /root/Documentos/pipeline-airflow/dags/climate_data.py took 0.220 seconds
[2024-08-23 10:38:22,532] {processor.py:153} INFO - Started process (PID=37380) to work on /root/Documentos/pipeline-airflow/dags/climate_data.py
[2024-08-23 10:38:22,532] {processor.py:641} INFO - Processing file /root/Documentos/pipeline-airflow/dags/climate_data.py for tasks to queue
[2024-08-23 10:38:22,533] {logging_mixin.py:115} INFO - [2024-08-23 10:38:22,533] {dagbag.py:507} INFO - Filling up the DagBag from /root/Documentos/pipeline-airflow/dags/climate_data.py
[2024-08-23 10:38:22,729] {processor.py:651} INFO - DAG(s) dict_keys(['climate_data']) retrieved from /root/Documentos/pipeline-airflow/dags/climate_data.py
[2024-08-23 10:38:22,735] {logging_mixin.py:115} INFO - [2024-08-23 10:38:22,735] {dag.py:2379} INFO - Sync 1 DAGs
[2024-08-23 10:38:22,744] {logging_mixin.py:115} INFO - [2024-08-23 10:38:22,744] {dag.py:2927} INFO - Setting next_dagrun for climate_data to 2024-08-12T00:00:00+00:00, run_after=2024-08-19T00:00:00+00:00
[2024-08-23 10:38:22,752] {processor.py:161} INFO - Processing /root/Documentos/pipeline-airflow/dags/climate_data.py took 0.221 seconds
[2024-08-23 10:38:58,277] {processor.py:153} INFO - Started process (PID=37652) to work on /root/Documentos/pipeline-airflow/dags/climate_data.py
[2024-08-23 10:38:58,278] {processor.py:641} INFO - Processing file /root/Documentos/pipeline-airflow/dags/climate_data.py for tasks to queue
[2024-08-23 10:38:58,278] {logging_mixin.py:115} INFO - [2024-08-23 10:38:58,278] {dagbag.py:507} INFO - Filling up the DagBag from /root/Documentos/pipeline-airflow/dags/climate_data.py
[2024-08-23 10:38:58,465] {processor.py:651} INFO - DAG(s) dict_keys(['climate_data']) retrieved from /root/Documentos/pipeline-airflow/dags/climate_data.py
[2024-08-23 10:38:58,471] {logging_mixin.py:115} INFO - [2024-08-23 10:38:58,471] {dag.py:2379} INFO - Sync 1 DAGs
[2024-08-23 10:38:58,479] {logging_mixin.py:115} INFO - [2024-08-23 10:38:58,479] {dag.py:2927} INFO - Setting next_dagrun for climate_data to 2024-08-19T00:00:00+00:00, run_after=2024-08-26T00:00:00+00:00
[2024-08-23 10:38:58,487] {processor.py:161} INFO - Processing /root/Documentos/pipeline-airflow/dags/climate_data.py took 0.212 seconds
[2024-08-23 10:39:30,386] {processor.py:153} INFO - Started process (PID=37861) to work on /root/Documentos/pipeline-airflow/dags/climate_data.py
[2024-08-23 10:39:30,387] {processor.py:641} INFO - Processing file /root/Documentos/pipeline-airflow/dags/climate_data.py for tasks to queue
[2024-08-23 10:39:30,387] {logging_mixin.py:115} INFO - [2024-08-23 10:39:30,387] {dagbag.py:507} INFO - Filling up the DagBag from /root/Documentos/pipeline-airflow/dags/climate_data.py
[2024-08-23 10:39:30,606] {processor.py:651} INFO - DAG(s) dict_keys(['climate_data']) retrieved from /root/Documentos/pipeline-airflow/dags/climate_data.py
[2024-08-23 10:39:30,613] {logging_mixin.py:115} INFO - [2024-08-23 10:39:30,613] {dag.py:2379} INFO - Sync 1 DAGs
[2024-08-23 10:39:30,623] {logging_mixin.py:115} INFO - [2024-08-23 10:39:30,623] {dag.py:2927} INFO - Setting next_dagrun for climate_data to 2024-08-19T00:00:00+00:00, run_after=2024-08-26T00:00:00+00:00
[2024-08-23 10:39:30,633] {processor.py:161} INFO - Processing /root/Documentos/pipeline-airflow/dags/climate_data.py took 0.248 seconds
[2024-08-23 10:40:02,252] {processor.py:153} INFO - Started process (PID=38063) to work on /root/Documentos/pipeline-airflow/dags/climate_data.py
[2024-08-23 10:40:02,252] {processor.py:641} INFO - Processing file /root/Documentos/pipeline-airflow/dags/climate_data.py for tasks to queue
[2024-08-23 10:40:02,253] {logging_mixin.py:115} INFO - [2024-08-23 10:40:02,253] {dagbag.py:507} INFO - Filling up the DagBag from /root/Documentos/pipeline-airflow/dags/climate_data.py
[2024-08-23 10:40:02,440] {processor.py:651} INFO - DAG(s) dict_keys(['climate_data']) retrieved from /root/Documentos/pipeline-airflow/dags/climate_data.py
[2024-08-23 10:40:02,446] {logging_mixin.py:115} INFO - [2024-08-23 10:40:02,446] {dag.py:2379} INFO - Sync 1 DAGs
[2024-08-23 10:40:02,454] {logging_mixin.py:115} INFO - [2024-08-23 10:40:02,454] {dag.py:2927} INFO - Setting next_dagrun for climate_data to 2024-08-19T00:00:00+00:00, run_after=2024-08-26T00:00:00+00:00
[2024-08-23 10:40:02,462] {processor.py:161} INFO - Processing /root/Documentos/pipeline-airflow/dags/climate_data.py took 0.212 seconds
[2024-08-23 10:40:35,273] {processor.py:153} INFO - Started process (PID=38290) to work on /root/Documentos/pipeline-airflow/dags/climate_data.py
[2024-08-23 10:40:35,273] {processor.py:641} INFO - Processing file /root/Documentos/pipeline-airflow/dags/climate_data.py for tasks to queue
[2024-08-23 10:40:35,274] {logging_mixin.py:115} INFO - [2024-08-23 10:40:35,273] {dagbag.py:507} INFO - Filling up the DagBag from /root/Documentos/pipeline-airflow/dags/climate_data.py
[2024-08-23 10:40:35,460] {processor.py:651} INFO - DAG(s) dict_keys(['climate_data']) retrieved from /root/Documentos/pipeline-airflow/dags/climate_data.py
[2024-08-23 10:40:35,479] {logging_mixin.py:115} INFO - [2024-08-23 10:40:35,479] {dag.py:2379} INFO - Sync 1 DAGs
[2024-08-23 10:40:35,483] {logging_mixin.py:115} INFO - [2024-08-23 10:40:35,483] {dag.py:2398} INFO - Creating ORM DAG for climate_data
[2024-08-23 10:40:35,488] {logging_mixin.py:115} INFO - [2024-08-23 10:40:35,488] {dag.py:2927} INFO - Setting next_dagrun for climate_data to 2024-07-29T00:00:00+00:00, run_after=2024-08-05T00:00:00+00:00
[2024-08-23 10:40:35,497] {processor.py:161} INFO - Processing /root/Documentos/pipeline-airflow/dags/climate_data.py took 0.226 seconds
[2024-08-23 10:41:07,260] {processor.py:153} INFO - Started process (PID=38578) to work on /root/Documentos/pipeline-airflow/dags/climate_data.py
[2024-08-23 10:41:07,260] {processor.py:641} INFO - Processing file /root/Documentos/pipeline-airflow/dags/climate_data.py for tasks to queue
[2024-08-23 10:41:07,260] {logging_mixin.py:115} INFO - [2024-08-23 10:41:07,260] {dagbag.py:507} INFO - Filling up the DagBag from /root/Documentos/pipeline-airflow/dags/climate_data.py
[2024-08-23 10:41:07,451] {processor.py:651} INFO - DAG(s) dict_keys(['climate_data']) retrieved from /root/Documentos/pipeline-airflow/dags/climate_data.py
[2024-08-23 10:41:07,456] {logging_mixin.py:115} INFO - [2024-08-23 10:41:07,456] {dag.py:2379} INFO - Sync 1 DAGs
[2024-08-23 10:41:07,464] {logging_mixin.py:115} INFO - [2024-08-23 10:41:07,464] {dag.py:2927} INFO - Setting next_dagrun for climate_data to 2024-08-19T00:00:00+00:00, run_after=2024-08-26T00:00:00+00:00
[2024-08-23 10:41:07,473] {processor.py:161} INFO - Processing /root/Documentos/pipeline-airflow/dags/climate_data.py took 0.214 seconds
[2024-08-23 10:41:39,118] {processor.py:153} INFO - Started process (PID=38785) to work on /root/Documentos/pipeline-airflow/dags/climate_data.py
[2024-08-23 10:41:39,119] {processor.py:641} INFO - Processing file /root/Documentos/pipeline-airflow/dags/climate_data.py for tasks to queue
[2024-08-23 10:41:39,119] {logging_mixin.py:115} INFO - [2024-08-23 10:41:39,119] {dagbag.py:507} INFO - Filling up the DagBag from /root/Documentos/pipeline-airflow/dags/climate_data.py
[2024-08-23 10:41:39,306] {processor.py:651} INFO - DAG(s) dict_keys(['climate_data']) retrieved from /root/Documentos/pipeline-airflow/dags/climate_data.py
[2024-08-23 10:41:39,312] {logging_mixin.py:115} INFO - [2024-08-23 10:41:39,312] {dag.py:2379} INFO - Sync 1 DAGs
[2024-08-23 10:41:39,321] {logging_mixin.py:115} INFO - [2024-08-23 10:41:39,321] {dag.py:2927} INFO - Setting next_dagrun for climate_data to 2024-08-19T00:00:00+00:00, run_after=2024-08-26T00:00:00+00:00
[2024-08-23 10:41:39,328] {processor.py:161} INFO - Processing /root/Documentos/pipeline-airflow/dags/climate_data.py took 0.212 seconds
[2024-08-23 10:42:13,913] {processor.py:153} INFO - Started process (PID=39009) to work on /root/Documentos/pipeline-airflow/dags/climate_data.py
[2024-08-23 10:42:13,913] {processor.py:641} INFO - Processing file /root/Documentos/pipeline-airflow/dags/climate_data.py for tasks to queue
[2024-08-23 10:42:13,914] {logging_mixin.py:115} INFO - [2024-08-23 10:42:13,914] {dagbag.py:507} INFO - Filling up the DagBag from /root/Documentos/pipeline-airflow/dags/climate_data.py
[2024-08-23 10:42:14,103] {processor.py:651} INFO - DAG(s) dict_keys(['climate_data']) retrieved from /root/Documentos/pipeline-airflow/dags/climate_data.py
[2024-08-23 10:42:14,109] {logging_mixin.py:115} INFO - [2024-08-23 10:42:14,109] {dag.py:2379} INFO - Sync 1 DAGs
[2024-08-23 10:42:14,117] {logging_mixin.py:115} INFO - [2024-08-23 10:42:14,117] {dag.py:2927} INFO - Setting next_dagrun for climate_data to 2024-08-19T00:00:00+00:00, run_after=2024-08-26T00:00:00+00:00
[2024-08-23 10:42:14,124] {processor.py:161} INFO - Processing /root/Documentos/pipeline-airflow/dags/climate_data.py took 0.213 seconds
[2024-08-23 10:42:47,524] {processor.py:153} INFO - Started process (PID=39229) to work on /root/Documentos/pipeline-airflow/dags/climate_data.py
[2024-08-23 10:42:47,524] {processor.py:641} INFO - Processing file /root/Documentos/pipeline-airflow/dags/climate_data.py for tasks to queue
[2024-08-23 10:42:47,525] {logging_mixin.py:115} INFO - [2024-08-23 10:42:47,524] {dagbag.py:507} INFO - Filling up the DagBag from /root/Documentos/pipeline-airflow/dags/climate_data.py
[2024-08-23 10:42:47,711] {processor.py:651} INFO - DAG(s) dict_keys(['climate_data']) retrieved from /root/Documentos/pipeline-airflow/dags/climate_data.py
[2024-08-23 10:42:47,730] {logging_mixin.py:115} INFO - [2024-08-23 10:42:47,730] {dag.py:2379} INFO - Sync 1 DAGs
[2024-08-23 10:42:47,733] {logging_mixin.py:115} INFO - [2024-08-23 10:42:47,733] {dag.py:2398} INFO - Creating ORM DAG for climate_data
[2024-08-23 10:42:47,738] {logging_mixin.py:115} INFO - [2024-08-23 10:42:47,738] {dag.py:2927} INFO - Setting next_dagrun for climate_data to 2024-07-29T00:00:00+00:00, run_after=2024-08-05T00:00:00+00:00
[2024-08-23 10:42:47,747] {processor.py:161} INFO - Processing /root/Documentos/pipeline-airflow/dags/climate_data.py took 0.225 seconds
[2024-08-23 10:43:21,531] {processor.py:153} INFO - Started process (PID=39447) to work on /root/Documentos/pipeline-airflow/dags/climate_data.py
[2024-08-23 10:43:21,532] {processor.py:641} INFO - Processing file /root/Documentos/pipeline-airflow/dags/climate_data.py for tasks to queue
[2024-08-23 10:43:21,532] {logging_mixin.py:115} INFO - [2024-08-23 10:43:21,532] {dagbag.py:507} INFO - Filling up the DagBag from /root/Documentos/pipeline-airflow/dags/climate_data.py
[2024-08-23 10:43:21,714] {processor.py:651} INFO - DAG(s) dict_keys(['climate_data']) retrieved from /root/Documentos/pipeline-airflow/dags/climate_data.py
[2024-08-23 10:43:21,720] {logging_mixin.py:115} INFO - [2024-08-23 10:43:21,720] {dag.py:2379} INFO - Sync 1 DAGs
[2024-08-23 10:43:21,728] {logging_mixin.py:115} INFO - [2024-08-23 10:43:21,728] {dag.py:2927} INFO - Setting next_dagrun for climate_data to 2024-07-29T00:00:00+00:00, run_after=2024-08-05T00:00:00+00:00
[2024-08-23 10:43:21,735] {processor.py:161} INFO - Processing /root/Documentos/pipeline-airflow/dags/climate_data.py took 0.205 seconds
[2024-08-23 10:43:53,023] {processor.py:153} INFO - Started process (PID=39655) to work on /root/Documentos/pipeline-airflow/dags/climate_data.py
[2024-08-23 10:43:53,023] {processor.py:641} INFO - Processing file /root/Documentos/pipeline-airflow/dags/climate_data.py for tasks to queue
[2024-08-23 10:43:53,024] {logging_mixin.py:115} INFO - [2024-08-23 10:43:53,024] {dagbag.py:507} INFO - Filling up the DagBag from /root/Documentos/pipeline-airflow/dags/climate_data.py
[2024-08-23 10:43:53,206] {processor.py:651} INFO - DAG(s) dict_keys(['climate_data']) retrieved from /root/Documentos/pipeline-airflow/dags/climate_data.py
[2024-08-23 10:43:53,212] {logging_mixin.py:115} INFO - [2024-08-23 10:43:53,212] {dag.py:2379} INFO - Sync 1 DAGs
[2024-08-23 10:43:53,220] {logging_mixin.py:115} INFO - [2024-08-23 10:43:53,219] {dag.py:2927} INFO - Setting next_dagrun for climate_data to 2024-07-29T00:00:00+00:00, run_after=2024-08-05T00:00:00+00:00
[2024-08-23 10:43:53,227] {processor.py:161} INFO - Processing /root/Documentos/pipeline-airflow/dags/climate_data.py took 0.205 seconds
[2024-08-23 10:44:24,004] {processor.py:153} INFO - Started process (PID=39854) to work on /root/Documentos/pipeline-airflow/dags/climate_data.py
[2024-08-23 10:44:24,004] {processor.py:641} INFO - Processing file /root/Documentos/pipeline-airflow/dags/climate_data.py for tasks to queue
[2024-08-23 10:44:24,005] {logging_mixin.py:115} INFO - [2024-08-23 10:44:24,004] {dagbag.py:507} INFO - Filling up the DagBag from /root/Documentos/pipeline-airflow/dags/climate_data.py
[2024-08-23 10:44:24,196] {processor.py:651} INFO - DAG(s) dict_keys(['climate_data']) retrieved from /root/Documentos/pipeline-airflow/dags/climate_data.py
[2024-08-23 10:44:24,202] {logging_mixin.py:115} INFO - [2024-08-23 10:44:24,201] {dag.py:2379} INFO - Sync 1 DAGs
[2024-08-23 10:44:24,210] {logging_mixin.py:115} INFO - [2024-08-23 10:44:24,210] {dag.py:2927} INFO - Setting next_dagrun for climate_data to 2024-07-29T00:00:00+00:00, run_after=2024-08-05T00:00:00+00:00
[2024-08-23 10:44:24,218] {processor.py:161} INFO - Processing /root/Documentos/pipeline-airflow/dags/climate_data.py took 0.216 seconds
[2024-08-23 10:44:55,172] {processor.py:153} INFO - Started process (PID=40139) to work on /root/Documentos/pipeline-airflow/dags/climate_data.py
[2024-08-23 10:44:55,173] {processor.py:641} INFO - Processing file /root/Documentos/pipeline-airflow/dags/climate_data.py for tasks to queue
[2024-08-23 10:44:55,173] {logging_mixin.py:115} INFO - [2024-08-23 10:44:55,173] {dagbag.py:507} INFO - Filling up the DagBag from /root/Documentos/pipeline-airflow/dags/climate_data.py
[2024-08-23 10:44:55,365] {processor.py:651} INFO - DAG(s) dict_keys(['climate_data']) retrieved from /root/Documentos/pipeline-airflow/dags/climate_data.py
[2024-08-23 10:44:55,372] {logging_mixin.py:115} INFO - [2024-08-23 10:44:55,372] {dag.py:2379} INFO - Sync 1 DAGs
[2024-08-23 10:44:55,380] {logging_mixin.py:115} INFO - [2024-08-23 10:44:55,380] {dag.py:2927} INFO - Setting next_dagrun for climate_data to 2024-08-19T00:00:00+00:00, run_after=2024-08-26T00:00:00+00:00
[2024-08-23 10:44:55,388] {processor.py:161} INFO - Processing /root/Documentos/pipeline-airflow/dags/climate_data.py took 0.218 seconds
[2024-08-23 10:45:31,562] {processor.py:153} INFO - Started process (PID=40377) to work on /root/Documentos/pipeline-airflow/dags/climate_data.py
[2024-08-23 10:45:31,563] {processor.py:641} INFO - Processing file /root/Documentos/pipeline-airflow/dags/climate_data.py for tasks to queue
[2024-08-23 10:45:31,563] {logging_mixin.py:115} INFO - [2024-08-23 10:45:31,563] {dagbag.py:507} INFO - Filling up the DagBag from /root/Documentos/pipeline-airflow/dags/climate_data.py
[2024-08-23 10:45:31,759] {processor.py:651} INFO - DAG(s) dict_keys(['climate_data']) retrieved from /root/Documentos/pipeline-airflow/dags/climate_data.py
[2024-08-23 10:45:31,765] {logging_mixin.py:115} INFO - [2024-08-23 10:45:31,764] {dag.py:2379} INFO - Sync 1 DAGs
[2024-08-23 10:45:31,774] {logging_mixin.py:115} INFO - [2024-08-23 10:45:31,774] {dag.py:2927} INFO - Setting next_dagrun for climate_data to 2024-08-19T00:00:00+00:00, run_after=2024-08-26T00:00:00+00:00
[2024-08-23 10:45:31,781] {processor.py:161} INFO - Processing /root/Documentos/pipeline-airflow/dags/climate_data.py took 0.221 seconds
[2024-08-23 10:46:03,670] {processor.py:153} INFO - Started process (PID=40586) to work on /root/Documentos/pipeline-airflow/dags/climate_data.py
[2024-08-23 10:46:03,671] {processor.py:641} INFO - Processing file /root/Documentos/pipeline-airflow/dags/climate_data.py for tasks to queue
[2024-08-23 10:46:03,671] {logging_mixin.py:115} INFO - [2024-08-23 10:46:03,671] {dagbag.py:507} INFO - Filling up the DagBag from /root/Documentos/pipeline-airflow/dags/climate_data.py
[2024-08-23 10:46:03,854] {processor.py:651} INFO - DAG(s) dict_keys(['climate_data']) retrieved from /root/Documentos/pipeline-airflow/dags/climate_data.py
[2024-08-23 10:46:03,860] {logging_mixin.py:115} INFO - [2024-08-23 10:46:03,860] {dag.py:2379} INFO - Sync 1 DAGs
[2024-08-23 10:46:03,870] {logging_mixin.py:115} INFO - [2024-08-23 10:46:03,869] {dag.py:2927} INFO - Setting next_dagrun for climate_data to 2024-08-19T00:00:00+00:00, run_after=2024-08-26T00:00:00+00:00
[2024-08-23 10:46:03,879] {processor.py:161} INFO - Processing /root/Documentos/pipeline-airflow/dags/climate_data.py took 0.211 seconds
[2024-08-23 10:46:37,610] {processor.py:153} INFO - Started process (PID=40806) to work on /root/Documentos/pipeline-airflow/dags/climate_data.py
[2024-08-23 10:46:37,611] {processor.py:641} INFO - Processing file /root/Documentos/pipeline-airflow/dags/climate_data.py for tasks to queue
[2024-08-23 10:46:37,611] {logging_mixin.py:115} INFO - [2024-08-23 10:46:37,611] {dagbag.py:507} INFO - Filling up the DagBag from /root/Documentos/pipeline-airflow/dags/climate_data.py
[2024-08-23 10:46:37,810] {processor.py:651} INFO - DAG(s) dict_keys(['climate_data']) retrieved from /root/Documentos/pipeline-airflow/dags/climate_data.py
[2024-08-23 10:46:37,816] {logging_mixin.py:115} INFO - [2024-08-23 10:46:37,816] {dag.py:2379} INFO - Sync 1 DAGs
[2024-08-23 10:46:37,825] {logging_mixin.py:115} INFO - [2024-08-23 10:46:37,824] {dag.py:2927} INFO - Setting next_dagrun for climate_data to 2024-08-19T00:00:00+00:00, run_after=2024-08-26T00:00:00+00:00
[2024-08-23 10:46:37,832] {processor.py:161} INFO - Processing /root/Documentos/pipeline-airflow/dags/climate_data.py took 0.223 seconds
[2024-08-23 10:47:11,364] {processor.py:153} INFO - Started process (PID=41203) to work on /root/Documentos/pipeline-airflow/dags/climate_data.py
[2024-08-23 10:47:11,365] {processor.py:641} INFO - Processing file /root/Documentos/pipeline-airflow/dags/climate_data.py for tasks to queue
[2024-08-23 10:47:11,365] {logging_mixin.py:115} INFO - [2024-08-23 10:47:11,365] {dagbag.py:507} INFO - Filling up the DagBag from /root/Documentos/pipeline-airflow/dags/climate_data.py
[2024-08-23 10:47:11,552] {processor.py:651} INFO - DAG(s) dict_keys(['climate_data']) retrieved from /root/Documentos/pipeline-airflow/dags/climate_data.py
[2024-08-23 10:47:11,558] {logging_mixin.py:115} INFO - [2024-08-23 10:47:11,557] {dag.py:2379} INFO - Sync 1 DAGs
[2024-08-23 10:47:11,566] {logging_mixin.py:115} INFO - [2024-08-23 10:47:11,566] {dag.py:2927} INFO - Setting next_dagrun for climate_data to 2024-08-19T00:00:00+00:00, run_after=2024-08-26T00:00:00+00:00
[2024-08-23 10:47:11,574] {processor.py:161} INFO - Processing /root/Documentos/pipeline-airflow/dags/climate_data.py took 0.211 seconds
[2024-08-23 10:47:43,267] {processor.py:153} INFO - Started process (PID=41468) to work on /root/Documentos/pipeline-airflow/dags/climate_data.py
[2024-08-23 10:47:43,268] {processor.py:641} INFO - Processing file /root/Documentos/pipeline-airflow/dags/climate_data.py for tasks to queue
[2024-08-23 10:47:43,268] {logging_mixin.py:115} INFO - [2024-08-23 10:47:43,268] {dagbag.py:507} INFO - Filling up the DagBag from /root/Documentos/pipeline-airflow/dags/climate_data.py
[2024-08-23 10:47:43,457] {processor.py:651} INFO - DAG(s) dict_keys(['climate_data']) retrieved from /root/Documentos/pipeline-airflow/dags/climate_data.py
[2024-08-23 10:47:43,462] {logging_mixin.py:115} INFO - [2024-08-23 10:47:43,462] {dag.py:2379} INFO - Sync 1 DAGs
[2024-08-23 10:47:43,473] {logging_mixin.py:115} INFO - [2024-08-23 10:47:43,473] {dag.py:2927} INFO - Setting next_dagrun for climate_data to 2024-08-19T00:00:00+00:00, run_after=2024-08-26T00:00:00+00:00
[2024-08-23 10:47:43,485] {processor.py:161} INFO - Processing /root/Documentos/pipeline-airflow/dags/climate_data.py took 0.220 seconds
[2024-08-23 10:48:15,399] {processor.py:153} INFO - Started process (PID=41677) to work on /root/Documentos/pipeline-airflow/dags/climate_data.py
[2024-08-23 10:48:15,400] {processor.py:641} INFO - Processing file /root/Documentos/pipeline-airflow/dags/climate_data.py for tasks to queue
[2024-08-23 10:48:15,400] {logging_mixin.py:115} INFO - [2024-08-23 10:48:15,400] {dagbag.py:507} INFO - Filling up the DagBag from /root/Documentos/pipeline-airflow/dags/climate_data.py
[2024-08-23 10:48:15,593] {processor.py:651} INFO - DAG(s) dict_keys(['climate_data']) retrieved from /root/Documentos/pipeline-airflow/dags/climate_data.py
[2024-08-23 10:48:15,599] {logging_mixin.py:115} INFO - [2024-08-23 10:48:15,599] {dag.py:2379} INFO - Sync 1 DAGs
[2024-08-23 10:48:15,607] {logging_mixin.py:115} INFO - [2024-08-23 10:48:15,607] {dag.py:2927} INFO - Setting next_dagrun for climate_data to 2024-08-19T00:00:00+00:00, run_after=2024-08-26T00:00:00+00:00
[2024-08-23 10:48:15,615] {processor.py:161} INFO - Processing /root/Documentos/pipeline-airflow/dags/climate_data.py took 0.218 seconds
[2024-08-23 10:48:45,944] {processor.py:153} INFO - Started process (PID=41878) to work on /root/Documentos/pipeline-airflow/dags/climate_data.py
[2024-08-23 10:48:45,945] {processor.py:641} INFO - Processing file /root/Documentos/pipeline-airflow/dags/climate_data.py for tasks to queue
[2024-08-23 10:48:45,946] {logging_mixin.py:115} INFO - [2024-08-23 10:48:45,945] {dagbag.py:507} INFO - Filling up the DagBag from /root/Documentos/pipeline-airflow/dags/climate_data.py
[2024-08-23 10:48:46,129] {processor.py:651} INFO - DAG(s) dict_keys(['climate_data']) retrieved from /root/Documentos/pipeline-airflow/dags/climate_data.py
[2024-08-23 10:48:46,149] {logging_mixin.py:115} INFO - [2024-08-23 10:48:46,148] {dag.py:2379} INFO - Sync 1 DAGs
[2024-08-23 10:48:46,151] {logging_mixin.py:115} INFO - [2024-08-23 10:48:46,151] {dag.py:2398} INFO - Creating ORM DAG for climate_data
[2024-08-23 10:48:46,156] {logging_mixin.py:115} INFO - [2024-08-23 10:48:46,156] {dag.py:2927} INFO - Setting next_dagrun for climate_data to 2024-07-29T00:00:00+00:00, run_after=2024-08-05T00:00:00+00:00
[2024-08-23 10:48:46,166] {processor.py:161} INFO - Processing /root/Documentos/pipeline-airflow/dags/climate_data.py took 0.224 seconds
[2024-08-23 10:49:23,465] {processor.py:153} INFO - Started process (PID=42198) to work on /root/Documentos/pipeline-airflow/dags/climate_data.py
[2024-08-23 10:49:23,465] {processor.py:641} INFO - Processing file /root/Documentos/pipeline-airflow/dags/climate_data.py for tasks to queue
[2024-08-23 10:49:23,466] {logging_mixin.py:115} INFO - [2024-08-23 10:49:23,466] {dagbag.py:507} INFO - Filling up the DagBag from /root/Documentos/pipeline-airflow/dags/climate_data.py
[2024-08-23 10:49:23,651] {processor.py:651} INFO - DAG(s) dict_keys(['climate_data']) retrieved from /root/Documentos/pipeline-airflow/dags/climate_data.py
[2024-08-23 10:49:23,656] {logging_mixin.py:115} INFO - [2024-08-23 10:49:23,656] {dag.py:2379} INFO - Sync 1 DAGs
[2024-08-23 10:49:23,665] {logging_mixin.py:115} INFO - [2024-08-23 10:49:23,665] {dag.py:2927} INFO - Setting next_dagrun for climate_data to 2024-08-19T00:00:00+00:00, run_after=2024-08-26T00:00:00+00:00
[2024-08-23 10:49:23,673] {processor.py:161} INFO - Processing /root/Documentos/pipeline-airflow/dags/climate_data.py took 0.209 seconds
[2024-08-23 10:49:55,578] {processor.py:153} INFO - Started process (PID=42408) to work on /root/Documentos/pipeline-airflow/dags/climate_data.py
[2024-08-23 10:49:55,578] {processor.py:641} INFO - Processing file /root/Documentos/pipeline-airflow/dags/climate_data.py for tasks to queue
[2024-08-23 10:49:55,579] {logging_mixin.py:115} INFO - [2024-08-23 10:49:55,579] {dagbag.py:507} INFO - Filling up the DagBag from /root/Documentos/pipeline-airflow/dags/climate_data.py
[2024-08-23 10:49:55,776] {processor.py:651} INFO - DAG(s) dict_keys(['climate_data']) retrieved from /root/Documentos/pipeline-airflow/dags/climate_data.py
[2024-08-23 10:49:55,782] {logging_mixin.py:115} INFO - [2024-08-23 10:49:55,782] {dag.py:2379} INFO - Sync 1 DAGs
[2024-08-23 10:49:55,791] {logging_mixin.py:115} INFO - [2024-08-23 10:49:55,791] {dag.py:2927} INFO - Setting next_dagrun for climate_data to 2024-08-19T00:00:00+00:00, run_after=2024-08-26T00:00:00+00:00
[2024-08-23 10:49:55,799] {processor.py:161} INFO - Processing /root/Documentos/pipeline-airflow/dags/climate_data.py took 0.223 seconds
[2024-08-23 10:50:28,545] {processor.py:153} INFO - Started process (PID=42619) to work on /root/Documentos/pipeline-airflow/dags/climate_data.py
[2024-08-23 10:50:28,546] {processor.py:641} INFO - Processing file /root/Documentos/pipeline-airflow/dags/climate_data.py for tasks to queue
[2024-08-23 10:50:28,546] {logging_mixin.py:115} INFO - [2024-08-23 10:50:28,546] {dagbag.py:507} INFO - Filling up the DagBag from /root/Documentos/pipeline-airflow/dags/climate_data.py
[2024-08-23 10:50:28,741] {processor.py:651} INFO - DAG(s) dict_keys(['climate_data']) retrieved from /root/Documentos/pipeline-airflow/dags/climate_data.py
[2024-08-23 10:50:28,746] {logging_mixin.py:115} INFO - [2024-08-23 10:50:28,746] {dag.py:2379} INFO - Sync 1 DAGs
[2024-08-23 10:50:28,754] {logging_mixin.py:115} INFO - [2024-08-23 10:50:28,754] {dag.py:2927} INFO - Setting next_dagrun for climate_data to 2024-08-19T00:00:00+00:00, run_after=2024-08-26T00:00:00+00:00
[2024-08-23 10:50:28,762] {processor.py:161} INFO - Processing /root/Documentos/pipeline-airflow/dags/climate_data.py took 0.218 seconds
[2024-08-23 10:51:00,304] {processor.py:153} INFO - Started process (PID=42830) to work on /root/Documentos/pipeline-airflow/dags/climate_data.py
[2024-08-23 10:51:00,305] {processor.py:641} INFO - Processing file /root/Documentos/pipeline-airflow/dags/climate_data.py for tasks to queue
[2024-08-23 10:51:00,305] {logging_mixin.py:115} INFO - [2024-08-23 10:51:00,305] {dagbag.py:507} INFO - Filling up the DagBag from /root/Documentos/pipeline-airflow/dags/climate_data.py
[2024-08-23 10:51:00,609] {processor.py:651} INFO - DAG(s) dict_keys(['climate_data']) retrieved from /root/Documentos/pipeline-airflow/dags/climate_data.py
[2024-08-23 10:51:00,616] {logging_mixin.py:115} INFO - [2024-08-23 10:51:00,616] {dag.py:2379} INFO - Sync 1 DAGs
[2024-08-23 10:51:00,624] {logging_mixin.py:115} INFO - [2024-08-23 10:51:00,624] {dag.py:2927} INFO - Setting next_dagrun for climate_data to 2024-08-19T00:00:00+00:00, run_after=2024-08-26T00:00:00+00:00
[2024-08-23 10:51:00,631] {processor.py:161} INFO - Processing /root/Documentos/pipeline-airflow/dags/climate_data.py took 0.329 seconds
[2024-08-23 10:51:35,551] {processor.py:153} INFO - Started process (PID=43058) to work on /root/Documentos/pipeline-airflow/dags/climate_data.py
[2024-08-23 10:51:35,551] {processor.py:641} INFO - Processing file /root/Documentos/pipeline-airflow/dags/climate_data.py for tasks to queue
[2024-08-23 10:51:35,552] {logging_mixin.py:115} INFO - [2024-08-23 10:51:35,552] {dagbag.py:507} INFO - Filling up the DagBag from /root/Documentos/pipeline-airflow/dags/climate_data.py
[2024-08-23 10:51:35,741] {processor.py:651} INFO - DAG(s) dict_keys(['climate_data']) retrieved from /root/Documentos/pipeline-airflow/dags/climate_data.py
[2024-08-23 10:51:35,747] {logging_mixin.py:115} INFO - [2024-08-23 10:51:35,747] {dag.py:2379} INFO - Sync 1 DAGs
[2024-08-23 10:51:35,756] {logging_mixin.py:115} INFO - [2024-08-23 10:51:35,756] {dag.py:2927} INFO - Setting next_dagrun for climate_data to 2024-08-19T00:00:00+00:00, run_after=2024-08-26T00:00:00+00:00
[2024-08-23 10:51:35,765] {processor.py:161} INFO - Processing /root/Documentos/pipeline-airflow/dags/climate_data.py took 0.216 seconds
[2024-08-23 10:52:06,942] {processor.py:153} INFO - Started process (PID=43275) to work on /root/Documentos/pipeline-airflow/dags/climate_data.py
[2024-08-23 10:52:06,942] {processor.py:641} INFO - Processing file /root/Documentos/pipeline-airflow/dags/climate_data.py for tasks to queue
[2024-08-23 10:52:06,943] {logging_mixin.py:115} INFO - [2024-08-23 10:52:06,943] {dagbag.py:507} INFO - Filling up the DagBag from /root/Documentos/pipeline-airflow/dags/climate_data.py
[2024-08-23 10:52:07,200] {processor.py:651} INFO - DAG(s) dict_keys(['climate_data']) retrieved from /root/Documentos/pipeline-airflow/dags/climate_data.py
[2024-08-23 10:52:07,222] {logging_mixin.py:115} INFO - [2024-08-23 10:52:07,221] {dag.py:2379} INFO - Sync 1 DAGs
[2024-08-23 10:52:07,230] {logging_mixin.py:115} INFO - [2024-08-23 10:52:07,230] {dag.py:2927} INFO - Setting next_dagrun for climate_data to 2024-08-19T00:00:00+00:00, run_after=2024-08-26T00:00:00+00:00
[2024-08-23 10:52:07,240] {processor.py:161} INFO - Processing /root/Documentos/pipeline-airflow/dags/climate_data.py took 0.302 seconds
[2024-08-23 10:52:40,330] {processor.py:153} INFO - Started process (PID=43494) to work on /root/Documentos/pipeline-airflow/dags/climate_data.py
[2024-08-23 10:52:40,331] {processor.py:641} INFO - Processing file /root/Documentos/pipeline-airflow/dags/climate_data.py for tasks to queue
[2024-08-23 10:52:40,331] {logging_mixin.py:115} INFO - [2024-08-23 10:52:40,331] {dagbag.py:507} INFO - Filling up the DagBag from /root/Documentos/pipeline-airflow/dags/climate_data.py
[2024-08-23 10:52:40,538] {processor.py:651} INFO - DAG(s) dict_keys(['climate_data']) retrieved from /root/Documentos/pipeline-airflow/dags/climate_data.py
[2024-08-23 10:52:40,544] {logging_mixin.py:115} INFO - [2024-08-23 10:52:40,544] {dag.py:2379} INFO - Sync 1 DAGs
[2024-08-23 10:52:40,553] {logging_mixin.py:115} INFO - [2024-08-23 10:52:40,553] {dag.py:2927} INFO - Setting next_dagrun for climate_data to 2024-08-19T00:00:00+00:00, run_after=2024-08-26T00:00:00+00:00
[2024-08-23 10:52:40,561] {processor.py:161} INFO - Processing /root/Documentos/pipeline-airflow/dags/climate_data.py took 0.233 seconds
[2024-08-23 10:53:17,657] {processor.py:153} INFO - Started process (PID=43731) to work on /root/Documentos/pipeline-airflow/dags/climate_data.py
[2024-08-23 10:53:17,658] {processor.py:641} INFO - Processing file /root/Documentos/pipeline-airflow/dags/climate_data.py for tasks to queue
[2024-08-23 10:53:17,658] {logging_mixin.py:115} INFO - [2024-08-23 10:53:17,658] {dagbag.py:507} INFO - Filling up the DagBag from /root/Documentos/pipeline-airflow/dags/climate_data.py
[2024-08-23 10:53:17,923] {processor.py:651} INFO - DAG(s) dict_keys(['climate_data']) retrieved from /root/Documentos/pipeline-airflow/dags/climate_data.py
[2024-08-23 10:53:17,930] {logging_mixin.py:115} INFO - [2024-08-23 10:53:17,930] {dag.py:2379} INFO - Sync 1 DAGs
[2024-08-23 10:53:17,939] {logging_mixin.py:115} INFO - [2024-08-23 10:53:17,939] {dag.py:2927} INFO - Setting next_dagrun for climate_data to 2024-08-19T00:00:00+00:00, run_after=2024-08-26T00:00:00+00:00
[2024-08-23 10:53:17,948] {processor.py:161} INFO - Processing /root/Documentos/pipeline-airflow/dags/climate_data.py took 0.292 seconds
[2024-08-23 10:53:50,197] {processor.py:153} INFO - Started process (PID=43944) to work on /root/Documentos/pipeline-airflow/dags/climate_data.py
[2024-08-23 10:53:50,198] {processor.py:641} INFO - Processing file /root/Documentos/pipeline-airflow/dags/climate_data.py for tasks to queue
[2024-08-23 10:53:50,198] {logging_mixin.py:115} INFO - [2024-08-23 10:53:50,198] {dagbag.py:507} INFO - Filling up the DagBag from /root/Documentos/pipeline-airflow/dags/climate_data.py
[2024-08-23 10:53:50,386] {processor.py:651} INFO - DAG(s) dict_keys(['climate_data']) retrieved from /root/Documentos/pipeline-airflow/dags/climate_data.py
[2024-08-23 10:53:50,392] {logging_mixin.py:115} INFO - [2024-08-23 10:53:50,391] {dag.py:2379} INFO - Sync 1 DAGs
[2024-08-23 10:53:50,401] {logging_mixin.py:115} INFO - [2024-08-23 10:53:50,400] {dag.py:2927} INFO - Setting next_dagrun for climate_data to 2024-08-19T00:00:00+00:00, run_after=2024-08-26T00:00:00+00:00
[2024-08-23 10:53:50,408] {processor.py:161} INFO - Processing /root/Documentos/pipeline-airflow/dags/climate_data.py took 0.213 seconds
[2024-08-23 10:54:21,070] {processor.py:153} INFO - Started process (PID=44142) to work on /root/Documentos/pipeline-airflow/dags/climate_data.py
[2024-08-23 10:54:21,071] {processor.py:641} INFO - Processing file /root/Documentos/pipeline-airflow/dags/climate_data.py for tasks to queue
[2024-08-23 10:54:21,071] {logging_mixin.py:115} INFO - [2024-08-23 10:54:21,071] {dagbag.py:507} INFO - Filling up the DagBag from /root/Documentos/pipeline-airflow/dags/climate_data.py
[2024-08-23 10:54:21,260] {processor.py:651} INFO - DAG(s) dict_keys(['climate_data']) retrieved from /root/Documentos/pipeline-airflow/dags/climate_data.py
[2024-08-23 10:54:21,266] {logging_mixin.py:115} INFO - [2024-08-23 10:54:21,266] {dag.py:2379} INFO - Sync 1 DAGs
[2024-08-23 10:54:21,275] {logging_mixin.py:115} INFO - [2024-08-23 10:54:21,275] {dag.py:2927} INFO - Setting next_dagrun for climate_data to 2024-08-19T00:00:00+00:00, run_after=2024-08-26T00:00:00+00:00
[2024-08-23 10:54:21,283] {processor.py:161} INFO - Processing /root/Documentos/pipeline-airflow/dags/climate_data.py took 0.214 seconds
[2024-08-23 10:54:54,302] {processor.py:153} INFO - Started process (PID=44359) to work on /root/Documentos/pipeline-airflow/dags/climate_data.py
[2024-08-23 10:54:54,303] {processor.py:641} INFO - Processing file /root/Documentos/pipeline-airflow/dags/climate_data.py for tasks to queue
[2024-08-23 10:54:54,303] {logging_mixin.py:115} INFO - [2024-08-23 10:54:54,303] {dagbag.py:507} INFO - Filling up the DagBag from /root/Documentos/pipeline-airflow/dags/climate_data.py
[2024-08-23 10:54:54,486] {processor.py:651} INFO - DAG(s) dict_keys(['climate_data']) retrieved from /root/Documentos/pipeline-airflow/dags/climate_data.py
[2024-08-23 10:54:54,492] {logging_mixin.py:115} INFO - [2024-08-23 10:54:54,492] {dag.py:2379} INFO - Sync 1 DAGs
[2024-08-23 10:54:54,500] {logging_mixin.py:115} INFO - [2024-08-23 10:54:54,499] {dag.py:2927} INFO - Setting next_dagrun for climate_data to 2024-08-19T00:00:00+00:00, run_after=2024-08-26T00:00:00+00:00
[2024-08-23 10:54:54,508] {processor.py:161} INFO - Processing /root/Documentos/pipeline-airflow/dags/climate_data.py took 0.207 seconds
[2024-08-23 10:55:26,223] {processor.py:153} INFO - Started process (PID=44662) to work on /root/Documentos/pipeline-airflow/dags/climate_data.py
[2024-08-23 10:55:26,224] {processor.py:641} INFO - Processing file /root/Documentos/pipeline-airflow/dags/climate_data.py for tasks to queue
[2024-08-23 10:55:26,225] {logging_mixin.py:115} INFO - [2024-08-23 10:55:26,225] {dagbag.py:507} INFO - Filling up the DagBag from /root/Documentos/pipeline-airflow/dags/climate_data.py
[2024-08-23 10:55:26,409] {processor.py:651} INFO - DAG(s) dict_keys(['climate_data']) retrieved from /root/Documentos/pipeline-airflow/dags/climate_data.py
[2024-08-23 10:55:26,414] {logging_mixin.py:115} INFO - [2024-08-23 10:55:26,414] {dag.py:2379} INFO - Sync 1 DAGs
[2024-08-23 10:55:26,426] {logging_mixin.py:115} INFO - [2024-08-23 10:55:26,426] {dag.py:2927} INFO - Setting next_dagrun for climate_data to 2024-08-19T00:00:00+00:00, run_after=2024-08-26T00:00:00+00:00
[2024-08-23 10:55:26,448] {processor.py:161} INFO - Processing /root/Documentos/pipeline-airflow/dags/climate_data.py took 0.226 seconds
[2024-08-23 10:55:56,997] {processor.py:153} INFO - Started process (PID=44898) to work on /root/Documentos/pipeline-airflow/dags/climate_data.py
[2024-08-23 10:55:56,998] {processor.py:641} INFO - Processing file /root/Documentos/pipeline-airflow/dags/climate_data.py for tasks to queue
[2024-08-23 10:55:56,998] {logging_mixin.py:115} INFO - [2024-08-23 10:55:56,998] {dagbag.py:507} INFO - Filling up the DagBag from /root/Documentos/pipeline-airflow/dags/climate_data.py
[2024-08-23 10:55:57,188] {processor.py:651} INFO - DAG(s) dict_keys(['climate_data']) retrieved from /root/Documentos/pipeline-airflow/dags/climate_data.py
[2024-08-23 10:55:57,193] {logging_mixin.py:115} INFO - [2024-08-23 10:55:57,193] {dag.py:2379} INFO - Sync 1 DAGs
[2024-08-23 10:55:57,202] {logging_mixin.py:115} INFO - [2024-08-23 10:55:57,202] {dag.py:2927} INFO - Setting next_dagrun for climate_data to 2024-08-19T00:00:00+00:00, run_after=2024-08-26T00:00:00+00:00
[2024-08-23 10:55:57,209] {processor.py:161} INFO - Processing /root/Documentos/pipeline-airflow/dags/climate_data.py took 0.214 seconds
