[2024-08-23 10:38:19,659] {taskinstance.py:1159} INFO - Dependencies all met for <TaskInstance: climate_data.create_folder scheduled__2024-07-29T00:00:00+00:00 [queued]>
[2024-08-23 10:38:19,662] {taskinstance.py:1159} INFO - Dependencies all met for <TaskInstance: climate_data.create_folder scheduled__2024-07-29T00:00:00+00:00 [queued]>
[2024-08-23 10:38:19,662] {taskinstance.py:1356} INFO - 
--------------------------------------------------------------------------------
[2024-08-23 10:38:19,662] {taskinstance.py:1357} INFO - Starting attempt 1 of 1
[2024-08-23 10:38:19,662] {taskinstance.py:1358} INFO - 
--------------------------------------------------------------------------------
[2024-08-23 10:38:19,671] {taskinstance.py:1377} INFO - Executing <Task(BashOperator): create_folder> on 2024-07-29 00:00:00+00:00
[2024-08-23 10:38:19,673] {standard_task_runner.py:52} INFO - Started process 37331 to run task
[2024-08-23 10:38:19,674] {standard_task_runner.py:79} INFO - Running: ['airflow', 'tasks', 'run', 'climate_data', 'create_folder', 'scheduled__2024-07-29T00:00:00+00:00', '--job-id', '6', '--raw', '--subdir', 'DAGS_FOLDER/climate_data.py', '--cfg-path', '/tmp/tmpasl88hcl', '--error-file', '/tmp/tmpuneavack']
[2024-08-23 10:38:19,675] {standard_task_runner.py:80} INFO - Job 6: Subtask create_folder
[2024-08-23 10:38:19,695] {task_command.py:370} INFO - Running <TaskInstance: climate_data.create_folder scheduled__2024-07-29T00:00:00+00:00 [running]> on host DESKTOP-TAQHM1V.
[2024-08-23 10:38:19,724] {taskinstance.py:1569} INFO - Exporting the following env vars:
AIRFLOW_CTX_DAG_OWNER=airflow
AIRFLOW_CTX_DAG_ID=climate_data
AIRFLOW_CTX_TASK_ID=create_folder
AIRFLOW_CTX_EXECUTION_DATE=2024-07-29T00:00:00+00:00
AIRFLOW_CTX_TRY_NUMBER=1
AIRFLOW_CTX_DAG_RUN_ID=scheduled__2024-07-29T00:00:00+00:00
[2024-08-23 10:38:19,725] {subprocess.py:62} INFO - Tmp dir root location: 
 /tmp
[2024-08-23 10:38:19,725] {subprocess.py:74} INFO - Running command: ['bash', '-c', 'mkdir -p "/root/Documentos/pipeline-airflow/python_scripts_and_generated_documents/week=2024-08-05"']
[2024-08-23 10:38:19,729] {subprocess.py:85} INFO - Output:
[2024-08-23 10:38:19,731] {subprocess.py:96} INFO - Command exited with return code 0
[2024-08-23 10:38:19,745] {taskinstance.py:1395} INFO - Marking task as SUCCESS. dag_id=climate_data, task_id=create_folder, execution_date=20240729T000000, start_date=20240823T133819, end_date=20240823T133819
[2024-08-23 10:38:19,767] {local_task_job.py:156} INFO - Task exited with return code 0
[2024-08-23 10:38:19,781] {local_task_job.py:273} INFO - 1 downstream tasks scheduled from follow-on schedule check
[2024-08-23 10:40:43,189] {taskinstance.py:1159} INFO - Dependencies all met for <TaskInstance: climate_data.create_folder scheduled__2024-07-29T00:00:00+00:00 [queued]>
[2024-08-23 10:40:43,192] {taskinstance.py:1159} INFO - Dependencies all met for <TaskInstance: climate_data.create_folder scheduled__2024-07-29T00:00:00+00:00 [queued]>
[2024-08-23 10:40:43,192] {taskinstance.py:1356} INFO - 
--------------------------------------------------------------------------------
[2024-08-23 10:40:43,192] {taskinstance.py:1357} INFO - Starting attempt 1 of 1
[2024-08-23 10:40:43,192] {taskinstance.py:1358} INFO - 
--------------------------------------------------------------------------------
[2024-08-23 10:40:43,201] {taskinstance.py:1377} INFO - Executing <Task(BashOperator): create_folder> on 2024-07-29 00:00:00+00:00
[2024-08-23 10:40:43,203] {standard_task_runner.py:52} INFO - Started process 38353 to run task
[2024-08-23 10:40:43,204] {standard_task_runner.py:79} INFO - Running: ['airflow', 'tasks', 'run', 'climate_data', 'create_folder', 'scheduled__2024-07-29T00:00:00+00:00', '--job-id', '6', '--raw', '--subdir', 'DAGS_FOLDER/climate_data.py', '--cfg-path', '/tmp/tmpex23pv4s', '--error-file', '/tmp/tmp_ex2tmid']
[2024-08-23 10:40:43,205] {standard_task_runner.py:80} INFO - Job 6: Subtask create_folder
[2024-08-23 10:40:43,225] {task_command.py:370} INFO - Running <TaskInstance: climate_data.create_folder scheduled__2024-07-29T00:00:00+00:00 [running]> on host DESKTOP-TAQHM1V.
[2024-08-23 10:40:43,257] {taskinstance.py:1569} INFO - Exporting the following env vars:
AIRFLOW_CTX_DAG_OWNER=airflow
AIRFLOW_CTX_DAG_ID=climate_data
AIRFLOW_CTX_TASK_ID=create_folder
AIRFLOW_CTX_EXECUTION_DATE=2024-07-29T00:00:00+00:00
AIRFLOW_CTX_TRY_NUMBER=1
AIRFLOW_CTX_DAG_RUN_ID=scheduled__2024-07-29T00:00:00+00:00
[2024-08-23 10:40:43,258] {subprocess.py:62} INFO - Tmp dir root location: 
 /tmp
[2024-08-23 10:40:43,258] {subprocess.py:74} INFO - Running command: ['bash', '-c', 'mkdir -p "/root/Documentos/pipeline-airflow/generated_documents/week=2024-08-05"']
[2024-08-23 10:40:43,263] {subprocess.py:85} INFO - Output:
[2024-08-23 10:40:43,265] {subprocess.py:96} INFO - Command exited with return code 0
[2024-08-23 10:40:43,277] {taskinstance.py:1395} INFO - Marking task as SUCCESS. dag_id=climate_data, task_id=create_folder, execution_date=20240729T000000, start_date=20240823T134043, end_date=20240823T134043
[2024-08-23 10:40:43,297] {local_task_job.py:156} INFO - Task exited with return code 0
[2024-08-23 10:40:43,311] {local_task_job.py:273} INFO - 1 downstream tasks scheduled from follow-on schedule check
[2024-08-23 10:44:29,908] {taskinstance.py:1159} INFO - Dependencies all met for <TaskInstance: climate_data.create_folder scheduled__2024-07-29T00:00:00+00:00 [queued]>
[2024-08-23 10:44:29,912] {taskinstance.py:1159} INFO - Dependencies all met for <TaskInstance: climate_data.create_folder scheduled__2024-07-29T00:00:00+00:00 [queued]>
[2024-08-23 10:44:29,912] {taskinstance.py:1356} INFO - 
--------------------------------------------------------------------------------
[2024-08-23 10:44:29,912] {taskinstance.py:1357} INFO - Starting attempt 1 of 1
[2024-08-23 10:44:29,912] {taskinstance.py:1358} INFO - 
--------------------------------------------------------------------------------
[2024-08-23 10:44:29,920] {taskinstance.py:1377} INFO - Executing <Task(BashOperator): create_folder> on 2024-07-29 00:00:00+00:00
[2024-08-23 10:44:29,922] {standard_task_runner.py:52} INFO - Started process 39906 to run task
[2024-08-23 10:44:29,924] {standard_task_runner.py:79} INFO - Running: ['airflow', 'tasks', 'run', 'climate_data', 'create_folder', 'scheduled__2024-07-29T00:00:00+00:00', '--job-id', '6', '--raw', '--subdir', 'DAGS_FOLDER/climate_data.py', '--cfg-path', '/tmp/tmpapg29w3q', '--error-file', '/tmp/tmpwx9mo0ak']
[2024-08-23 10:44:29,925] {standard_task_runner.py:80} INFO - Job 6: Subtask create_folder
[2024-08-23 10:44:29,946] {task_command.py:370} INFO - Running <TaskInstance: climate_data.create_folder scheduled__2024-07-29T00:00:00+00:00 [running]> on host DESKTOP-TAQHM1V.
[2024-08-23 10:44:29,976] {taskinstance.py:1569} INFO - Exporting the following env vars:
AIRFLOW_CTX_DAG_OWNER=airflow
AIRFLOW_CTX_DAG_ID=climate_data
AIRFLOW_CTX_TASK_ID=create_folder
AIRFLOW_CTX_EXECUTION_DATE=2024-07-29T00:00:00+00:00
AIRFLOW_CTX_TRY_NUMBER=1
AIRFLOW_CTX_DAG_RUN_ID=scheduled__2024-07-29T00:00:00+00:00
[2024-08-23 10:44:29,977] {subprocess.py:62} INFO - Tmp dir root location: 
 /tmp
[2024-08-23 10:44:29,977] {subprocess.py:74} INFO - Running command: ['bash', '-c', 'mkdir -p "/root/Documentos/pipeline-airflow/generated_documents/week=2024-08-05"']
[2024-08-23 10:44:29,982] {subprocess.py:85} INFO - Output:
[2024-08-23 10:44:29,983] {subprocess.py:96} INFO - Command exited with return code 0
[2024-08-23 10:44:29,997] {taskinstance.py:1395} INFO - Marking task as SUCCESS. dag_id=climate_data, task_id=create_folder, execution_date=20240729T000000, start_date=20240823T134429, end_date=20240823T134429
[2024-08-23 10:44:30,017] {local_task_job.py:156} INFO - Task exited with return code 0
[2024-08-23 10:44:30,032] {local_task_job.py:273} INFO - 1 downstream tasks scheduled from follow-on schedule check
[2024-08-23 10:48:53,820] {taskinstance.py:1159} INFO - Dependencies all met for <TaskInstance: climate_data.create_folder scheduled__2024-07-29T00:00:00+00:00 [queued]>
[2024-08-23 10:48:53,824] {taskinstance.py:1159} INFO - Dependencies all met for <TaskInstance: climate_data.create_folder scheduled__2024-07-29T00:00:00+00:00 [queued]>
[2024-08-23 10:48:53,824] {taskinstance.py:1356} INFO - 
--------------------------------------------------------------------------------
[2024-08-23 10:48:53,824] {taskinstance.py:1357} INFO - Starting attempt 1 of 1
[2024-08-23 10:48:53,824] {taskinstance.py:1358} INFO - 
--------------------------------------------------------------------------------
[2024-08-23 10:48:53,832] {taskinstance.py:1377} INFO - Executing <Task(BashOperator): create_folder> on 2024-07-29 00:00:00+00:00
[2024-08-23 10:48:53,834] {standard_task_runner.py:52} INFO - Started process 41944 to run task
[2024-08-23 10:48:53,836] {standard_task_runner.py:79} INFO - Running: ['airflow', 'tasks', 'run', 'climate_data', 'create_folder', 'scheduled__2024-07-29T00:00:00+00:00', '--job-id', '6', '--raw', '--subdir', 'DAGS_FOLDER/climate_data.py', '--cfg-path', '/tmp/tmpyp0exzmq', '--error-file', '/tmp/tmpy489p5bd']
[2024-08-23 10:48:53,836] {standard_task_runner.py:80} INFO - Job 6: Subtask create_folder
[2024-08-23 10:48:53,857] {task_command.py:370} INFO - Running <TaskInstance: climate_data.create_folder scheduled__2024-07-29T00:00:00+00:00 [running]> on host DESKTOP-TAQHM1V.
[2024-08-23 10:48:53,887] {taskinstance.py:1569} INFO - Exporting the following env vars:
AIRFLOW_CTX_DAG_OWNER=airflow
AIRFLOW_CTX_DAG_ID=climate_data
AIRFLOW_CTX_TASK_ID=create_folder
AIRFLOW_CTX_EXECUTION_DATE=2024-07-29T00:00:00+00:00
AIRFLOW_CTX_TRY_NUMBER=1
AIRFLOW_CTX_DAG_RUN_ID=scheduled__2024-07-29T00:00:00+00:00
[2024-08-23 10:48:53,887] {subprocess.py:62} INFO - Tmp dir root location: 
 /tmp
[2024-08-23 10:48:53,888] {subprocess.py:74} INFO - Running command: ['bash', '-c', 'mkdir -p "/root/Documentos/pipeline-airflow/generated_documents/semana=2024-08-05"']
[2024-08-23 10:48:53,892] {subprocess.py:85} INFO - Output:
[2024-08-23 10:48:53,894] {subprocess.py:96} INFO - Command exited with return code 0
[2024-08-23 10:48:53,907] {taskinstance.py:1395} INFO - Marking task as SUCCESS. dag_id=climate_data, task_id=create_folder, execution_date=20240729T000000, start_date=20240823T134853, end_date=20240823T134853
[2024-08-23 10:48:53,928] {local_task_job.py:156} INFO - Task exited with return code 0
[2024-08-23 10:48:53,943] {local_task_job.py:273} INFO - 1 downstream tasks scheduled from follow-on schedule check
